[2019-10-14 13:59:03,847] - INFO: 开始更新desired_caps.ymal中的APP及手机参数...
[2019-10-14 13:59:03,863] - INFO: ---desired_caps.ymal更新完成---
[2019-10-14 13:59:03,869] - INFO: ---检查com.pets.mhcw_1.3.0_7.apk应用是否已安装---
[2019-10-14 13:59:04,868] - INFO: ---应用未安装，开始安装---
[2019-10-14 13:59:05,194] - INFO: 正在安装apk文件，请稍后...
[2019-10-14 13:59:05,194] - INFO: ---开启线程监控APP安装确认弹窗---
[2019-10-14 13:59:18,827] - INFO: ---com.pets.mhcw_1.3.0_7.apk应用安装成功---
[2019-10-14 13:59:52,817] - INFO: 启动APP，确认是否有定位弹窗...
[2019-10-14 13:59:52,884] - INFO: 定位弹窗-允许，启动页截图中...
[2019-10-14 13:59:58,998] - INFO: 进入引导页，截图、滑动...
[2019-10-14 14:00:12,289] - INFO: 点击引导页“开始记录”按钮进入新手指引页面...
[2019-10-14 14:00:29,521] - INFO: 点击完成新手指引页...
[2019-10-14 14:00:29,867] - INFO: 不存在升级弹窗，进入首页...
[2019-10-14 14:00:36,871] - INFO: 验证未登录状态点击按钮是否弹窗提示去登录...
[2019-10-14 14:00:37,142] - ERROR: 首页，点击[选择宠物]按钮弹窗失败，失败原因为：Message: No element found

[2019-10-14 14:00:42,150] - INFO: 验证未登录状态能否查看学院文章...
[2019-10-14 14:00:42,599] - INFO: 切换至学院页...
[2019-10-14 14:00:44,306] - INFO: 进入喵星人-养猫准备页面...
[2019-10-14 14:00:45,690] - INFO: 进入养猫准备文章详情页面...
[2019-10-14 14:00:47,471] - INFO: 点击文章详情页面-分享按钮，分享弹窗...
[2019-10-14 14:00:49,357] - INFO: 点击分享弹窗-[取消]按钮，弹窗消失...
[2019-10-14 14:00:51,127] - INFO: 点击文章详情页面-返回按钮，返回至文章列表页...
[2019-10-14 14:00:52,483] - INFO: 点击文章列表页-返回按钮，返回至学院页面...
[2019-10-14 14:00:58,490] - INFO: 验证能否查看《用户注册及隐私协议》...
[2019-10-14 14:00:58,956] - INFO: 未登录状态，切换至首页，准备进入登录页面进行登录测试
[2019-10-14 14:01:00,297] - INFO: 点击首页-健康管理，弹窗提示登录
[2019-10-14 14:01:02,815] - INFO: 点击[去登录]，跳转至登录页面成功！
[2019-10-14 14:01:03,173] - INFO: 点击登录页[注册]按钮，进入注册页面
[2019-10-14 14:01:04,510] - INFO: 点击注册页提示弹窗-[同意]按钮，弹窗消失
[2019-10-14 14:01:07,405] - ERROR: 跳转用户注册及隐私协议页面失败，错误截图！
[2019-10-14 14:01:12,409] - INFO: 验证已注册过的手机号进行注册...
[2019-10-14 14:01:12,639] - INFO: 验证码登录功能验证...
[2019-10-14 14:01:12,781] - INFO: 账号密码登录功能验证...
[2019-10-14 14:01:12,907] - INFO: 验证日常打卡-添加功能...
[2019-10-14 14:01:13,137] - INFO: 验证日常打卡-打卡功能...
[2019-10-14 14:01:13,326] - INFO: 验证日常打卡-删除日常事项功能...
[2019-10-14 14:01:13,501] - INFO: 验证提醒吧-新增提醒功能...
[2019-10-14 14:01:13,659] - INFO: 验证提醒完成功能...
[2019-10-14 14:01:13,823] - INFO: 验证删除提醒项功能...
[2019-10-14 14:01:14,010] - INFO: 验证健康管理新增功能...
[2019-10-14 14:01:14,190] - INFO: 验证修改健康管理项功能...
[2019-10-14 14:01:14,373] - INFO: 验证删除健康管理项功能...
[2019-10-14 14:01:14,566] - INFO: 验证切换宠物功能...
[2019-10-14 14:01:14,727] - INFO: 验证添加宠物功能...
[2019-10-14 14:01:14,880] - INFO: 验证删除宠物功能...
[2019-10-14 14:01:15,060] - INFO: 验证日历记录功能是否正常...
[2019-10-14 14:01:15,246] - INFO: 验证积分签到功能是否正常...
[2019-10-14 14:01:15,412] - INFO: 验证意见反馈功能...
[2019-10-14 14:10:19,137] - INFO: 开始更新desired_caps.ymal中的APP及手机参数...
[2019-10-14 14:10:19,149] - INFO: ---desired_caps.ymal更新完成---
[2019-10-14 14:10:19,156] - INFO: ---检查com.pets.mhcw_1.3.0_7.apk应用是否已安装---
[2019-10-14 14:10:19,802] - INFO: ---应用已安装---
[2019-10-14 14:10:35,554] - INFO: 启动APP，确认是否有定位弹窗...
[2019-10-14 14:10:38,617] - INFO: 没有定位弹窗，判断是否有引导页...
[2019-10-14 14:10:38,623] - INFO: 无引导页...
[2019-10-14 14:10:38,853] - INFO: 不存在升级弹窗，进入首页...
[2019-10-14 14:10:45,858] - INFO: 验证未登录状态点击按钮是否弹窗提示去登录...
[2019-10-14 14:10:46,119] - ERROR: 首页，点击[选择宠物]按钮弹窗失败，失败原因为：Message: No element found

[2019-10-14 14:10:51,123] - INFO: 验证未登录状态能否查看学院文章...
[2019-10-14 14:10:51,675] - INFO: 切换至学院页
[2019-10-14 14:10:53,150] - INFO: 进入喵星人-养猫准备页面
[2019-10-14 14:10:54,526] - INFO: 进入养猫准备文章详情页面
[2019-10-14 14:10:56,306] - INFO: 点击文章详情页面-分享按钮，分享弹窗
[2019-10-14 14:10:57,749] - INFO: 点击分享弹窗-[取消]按钮，弹窗消失
[2019-10-14 14:10:59,478] - INFO: 点击文章详情页面-返回按钮，返回至文章列表页
[2019-10-14 14:11:00,759] - INFO: 点击文章列表页-返回按钮，返回至学院页面
[2019-10-14 14:11:11,761] - INFO: 验证能否查看《用户注册及隐私协议》...
[2019-10-14 14:11:12,291] - INFO: 未登录状态，切换至首页，准备进入登录页面进行登录测试
[2019-10-14 14:11:13,677] - INFO: 点击首页-健康管理，弹窗提示登录
[2019-10-14 14:11:16,056] - INFO: 点击[去登录]，跳转至登录页面成功！
[2019-10-14 14:11:16,490] - INFO: 点击登录页[注册]按钮，进入注册页面
[2019-10-14 14:11:17,744] - INFO: 点击注册页提示弹窗-[同意]按钮，弹窗消失
[2019-10-14 14:11:20,652] - ERROR: 跳转用户注册及隐私协议页面失败，错误截图！
[2019-10-14 14:11:30,659] - INFO: 验证已注册过的手机号进行注册...
[2019-10-14 14:11:30,867] - INFO: 验证码登录功能验证...
[2019-10-14 14:11:31,044] - INFO: 账号密码登录功能验证...
[2019-10-14 14:11:31,213] - INFO: 验证日常打卡-添加功能...
[2019-10-14 14:11:31,403] - INFO: 验证日常打卡-打卡功能...
[2019-10-14 14:11:31,561] - INFO: 验证日常打卡-删除日常事项功能...
[2019-10-14 14:11:31,700] - INFO: 验证提醒吧-新增提醒功能...
[2019-10-14 14:11:31,887] - INFO: 验证提醒完成功能...
[2019-10-14 14:11:32,059] - INFO: 验证删除提醒项功能...
[2019-10-14 14:11:32,268] - INFO: 验证健康管理新增功能...
[2019-10-14 14:11:32,465] - INFO: 验证修改健康管理项功能...
[2019-10-14 14:11:32,657] - INFO: 验证删除健康管理项功能...
[2019-10-14 14:11:32,821] - INFO: 验证切换宠物功能...
[2019-10-14 14:11:32,950] - INFO: 验证添加宠物功能...
[2019-10-14 14:11:33,068] - INFO: 验证删除宠物功能...
[2019-10-14 14:11:33,194] - INFO: 验证日历记录功能是否正常...
[2019-10-14 14:11:33,309] - INFO: 验证积分签到功能是否正常...
[2019-10-14 14:11:33,435] - INFO: 验证意见反馈功能...
[2019-10-14 14:13:12,259] - INFO: 验证未登录状态能否查看学院文章...
[2019-10-14 14:13:12,771] - INFO: 切换至学院页
[2019-10-14 14:13:14,290] - INFO: 进入喵星人-养猫准备页面
[2019-10-14 14:13:15,709] - INFO: 进入养猫准备文章详情页面
[2019-10-14 14:13:17,608] - INFO: 点击文章详情页面-分享按钮，分享弹窗
[2019-10-14 14:13:19,239] - INFO: 点击分享弹窗-[取消]按钮，弹窗消失
[2019-10-14 14:13:20,996] - INFO: 点击文章详情页面-返回按钮，返回至文章列表页
[2019-10-14 14:13:22,394] - INFO: 点击文章列表页-返回按钮，返回至学院页面
[2019-10-14 14:32:01,433] - INFO: 验证能否查看《用户注册及隐私协议》...
[2019-10-14 14:32:01,881] - INFO: 未登录状态，切换至首页，准备进入登录页面进行登录测试
[2019-10-14 14:32:03,246] - INFO: 点击首页-健康管理，弹窗提示登录
[2019-10-14 14:32:05,806] - INFO: 点击[去登录]，跳转至登录页面成功！
[2019-10-14 14:32:06,109] - INFO: 点击登录页[注册]按钮，进入注册页面
[2019-10-14 14:32:07,420] - INFO: 点击注册页提示弹窗-[同意]按钮，弹窗消失
[2019-10-14 14:32:10,280] - ERROR: 跳转用户注册及隐私协议页面失败，错误截图！
[2019-10-14 14:32:10,282] - INFO: 验证已注册过的手机号进行注册...
[2019-10-14 14:37:28,126] - INFO: 验证能否查看《用户注册及隐私协议》...
[2019-10-14 14:37:28,592] - INFO: 未登录状态，切换至首页，准备进入登录页面进行登录测试
[2019-10-14 14:37:29,927] - INFO: 点击首页-健康管理，弹窗提示登录
[2019-10-14 14:37:32,500] - INFO: 点击[去登录]，跳转至登录页面成功！
[2019-10-14 14:37:32,863] - INFO: 点击登录页[注册]按钮，进入注册页面
[2019-10-14 14:37:34,202] - INFO: 点击注册页提示弹窗-[同意]按钮，弹窗消失
[2019-10-14 14:37:37,570] - ERROR: 跳转用户注册及隐私协议页面失败，错误截图！
[2019-10-14 14:37:37,576] - INFO: 验证已注册过的手机号进行注册...
[2019-10-14 14:38:57,451] - INFO: 验证能否查看《用户注册及隐私协议》...
[2019-10-14 14:38:57,988] - INFO: 未登录状态，切换至首页，准备进入登录页面进行登录测试
[2019-10-14 14:38:59,321] - INFO: 点击首页-健康管理，弹窗提示登录
[2019-10-14 14:39:01,880] - INFO: 点击[去登录]，跳转至登录页面成功！
[2019-10-14 14:39:02,171] - INFO: 点击登录页[注册]按钮，进入注册页面
[2019-10-14 14:39:03,485] - INFO: 点击注册页提示弹窗-[同意]按钮，弹窗消失
[2019-10-14 14:39:06,963] - INFO: 进入《用户注册及隐私协议》页面成功！
[2019-10-14 14:39:07,276] - INFO: 点击返回至注册页面！
[2019-10-14 14:39:08,280] - INFO: 验证已注册过的手机号进行注册...
[2019-10-14 14:39:15,045] - INFO: 输入已注册用户手机号，点击获取验证码
[2019-10-14 14:39:16,250] - INFO: 跳转至登录页面，点击返回至首页
[2019-10-14 14:41:13,883] - INFO: 开始更新desired_caps.ymal中的APP及手机参数...
[2019-10-14 14:41:13,895] - INFO: ---desired_caps.ymal更新完成---
[2019-10-14 14:41:13,901] - INFO: ---检查com.pets.mhcw_1.3.0_7.apk应用是否已安装---
[2019-10-14 14:41:14,508] - INFO: ---应用已安装---
[2019-10-14 14:41:30,509] - INFO: 启动APP，确认是否有定位弹窗...
[2019-10-14 14:41:33,322] - INFO: 没有定位弹窗，判断是否有引导页...
[2019-10-14 14:41:33,328] - INFO: 无引导页...
[2019-10-14 14:41:33,581] - INFO: 不存在升级弹窗，进入首页...
[2019-10-14 14:41:40,584] - INFO: 验证未登录状态点击按钮是否弹窗提示去登录...
[2019-10-14 14:41:40,790] - ERROR: 首页，点击[选择宠物]按钮弹窗失败，失败原因为：Message: No element found

[2019-10-14 14:41:45,793] - INFO: 验证未登录状态能否查看学院文章...
[2019-10-14 14:41:46,312] - INFO: 切换至学院页
[2019-10-14 14:41:47,926] - INFO: 进入喵星人-养猫准备页面
[2019-10-14 14:41:49,355] - INFO: 进入养猫准备文章详情页面
[2019-10-14 14:41:51,110] - INFO: 点击文章详情页面-分享按钮，分享弹窗
[2019-10-14 14:41:52,437] - INFO: 点击分享弹窗-[取消]按钮，弹窗消失
[2019-10-14 14:41:54,117] - INFO: 点击文章详情页面-返回按钮，返回至文章列表页
[2019-10-14 14:41:55,380] - INFO: 点击文章列表页-返回按钮，返回至学院页面
[2019-10-14 14:42:06,384] - INFO: 验证能否查看《用户注册及隐私协议》...
[2019-10-14 14:42:07,005] - INFO: 未登录状态，切换至首页，准备进入登录页面进行登录测试
[2019-10-14 14:42:08,445] - INFO: 点击首页-健康管理，弹窗提示登录
[2019-10-14 14:42:10,939] - INFO: 点击[去登录]，跳转至登录页面成功！
[2019-10-14 14:42:11,367] - INFO: 点击登录页[注册]按钮，进入注册页面
[2019-10-14 14:42:12,682] - INFO: 点击注册页提示弹窗-[同意]按钮，弹窗消失
[2019-10-14 14:42:15,681] - INFO: 进入《用户注册及隐私协议》页面成功！
[2019-10-14 14:42:16,023] - INFO: 点击返回至注册页面！
[2019-10-14 14:42:27,029] - INFO: 验证已注册过的手机号进行注册...
[2019-10-14 14:42:34,958] - INFO: 输入已注册用户手机号，点击获取验证码
[2019-10-14 14:42:36,168] - INFO: 跳转至登录页面，点击返回至首页
[2019-10-14 14:42:47,532] - INFO: 验证码登录功能验证...
[2019-10-14 14:42:48,045] - INFO: 未登录状态，切换至首页，准备进入登录页面进行登录测试
[2019-10-14 14:42:49,377] - INFO: 点击首页-健康管理，弹窗提示登录
[2019-10-14 14:42:50,652] - INFO: 跳转至登录页面
[2019-10-14 14:42:57,654] - INFO: 输入手机号：18768124236...
[2019-10-14 14:42:58,532] - INFO: 隐藏键盘...
[2019-10-14 14:42:59,985] - INFO: 点击获取验证码...
[2019-10-14 14:43:39,886] - INFO: 输入验证码：2949...
[2019-10-14 14:43:43,493] - INFO: 点击登录按钮...
[2019-10-14 14:43:48,713] - INFO: 验证码登录成功
[2019-10-14 14:43:48,715] - INFO: 进行退出登录操作
[2019-10-14 14:43:49,326] - INFO: 切换至'我的'页面
[2019-10-14 14:43:50,903] - INFO: 点击设置，进入设置页面
[2019-10-14 14:43:52,225] - INFO: 账号密码登录功能验证...
[2019-10-14 14:43:52,716] - INFO: 未登录状态，切换至首页，准备进入登录页面进行登录测试
[2019-10-14 14:43:54,080] - INFO: 点击首页-健康管理，弹窗提示登录
[2019-10-14 14:43:55,354] - INFO: 验证日常打卡-添加功能...
[2019-10-14 14:43:55,556] - INFO: 验证日常打卡-打卡功能...
[2019-10-14 14:43:55,780] - INFO: 验证日常打卡-删除日常事项功能...
[2019-10-14 14:43:55,947] - INFO: 验证提醒吧-新增提醒功能...
[2019-10-14 14:43:56,063] - INFO: 验证提醒完成功能...
[2019-10-14 14:43:56,189] - INFO: 验证删除提醒项功能...
[2019-10-14 14:43:56,396] - INFO: 验证健康管理新增功能...
[2019-10-14 14:43:59,696] - INFO: 进入健康管理页面
[2019-10-14 14:44:00,516] - INFO: 进入健康管理-添加页面
[2019-10-14 14:44:02,758] - INFO: 设置时间
[2019-10-14 14:44:25,900] - INFO: 医院输入：666，诊断结果输入：250，病情描述输入：500
[2019-10-14 14:44:29,012] - INFO: 新增健康管理成功！
[2019-10-14 14:44:39,017] - INFO: 验证修改健康管理项功能...
[2019-10-14 14:44:39,446] - INFO: 进入管理项（医院为：666）详情页
[2019-10-14 14:44:48,394] - INFO: 清除之前的病情描述，重新输入：555
[2019-10-14 14:44:51,562] - INFO: 修改健康管理项成功！
[2019-10-14 14:45:01,568] - INFO: 验证删除健康管理项功能...
[2019-10-14 14:45:01,856] - INFO: 进入管理项（医院为：666）详情页
[2019-10-14 14:45:04,406] - INFO: 点击确定删除
[2019-10-14 14:45:05,550] - INFO: 删除健康管理项失败！
[2019-10-14 14:45:05,777] - INFO: 验证切换宠物功能...
[2019-10-14 14:45:05,948] - INFO: 验证添加宠物功能...
[2019-10-14 14:45:06,089] - INFO: 验证删除宠物功能...
[2019-10-14 14:45:06,209] - INFO: 验证日历记录功能是否正常...
[2019-10-14 14:45:06,356] - INFO: 验证积分签到功能是否正常...
[2019-10-14 14:45:06,513] - INFO: 验证意见反馈功能...
[2019-10-14 14:48:42,282] - INFO: 进行退出登录操作
[2019-10-14 14:48:42,956] - INFO: 切换至'我的'页面
[2019-10-14 14:48:44,728] - INFO: 点击设置，进入设置页面
[2019-10-14 14:48:46,054] - INFO: 点击[退出登录]-[确定]
[2019-10-14 14:48:48,654] - INFO: 退出登录成功！
[2019-10-14 14:50:51,590] - INFO: 验证码登录功能验证...
[2019-10-14 14:50:52,043] - INFO: 未登录状态，切换至首页，准备进入登录页面进行登录测试
[2019-10-14 14:50:53,383] - INFO: 点击首页-健康管理，弹窗提示登录
[2019-10-14 14:50:54,711] - INFO: 跳转至登录页面
[2019-10-14 14:51:02,392] - INFO: 输入手机号：18768124236
[2019-10-14 14:51:03,394] - INFO: 隐藏键盘
[2019-10-14 14:51:04,793] - INFO: 点击获取验证码
[2019-10-14 14:51:24,104] - INFO: 输入的验证码是：7517
[2019-10-14 14:51:27,941] - INFO: 点击登录按钮
[2019-10-14 14:51:33,209] - INFO: 验证码登录成功
[2019-10-14 14:51:33,211] - INFO: 进行退出登录操作
[2019-10-14 14:51:33,770] - INFO: 切换至'我的'页面
[2019-10-14 14:51:35,691] - INFO: 点击设置，进入设置页面
[2019-10-14 14:52:37,649] - INFO: 验证码登录功能验证...
[2019-10-14 14:52:38,083] - INFO: 未登录状态，切换至首页，准备进入登录页面进行登录测试
[2019-10-14 14:52:39,452] - INFO: 点击首页-健康管理，弹窗提示登录
[2019-10-14 14:52:40,742] - INFO: 跳转至登录页面
[2019-10-14 14:52:48,628] - INFO: 输入手机号：18768124236
[2019-10-14 14:52:49,762] - INFO: 隐藏键盘
[2019-10-14 14:52:51,195] - INFO: 点击获取验证码
[2019-10-14 14:53:17,715] - INFO: 输入的验证码是：6608
[2019-10-14 14:53:21,523] - INFO: 点击登录按钮
[2019-10-14 14:53:26,790] - INFO: 验证码登录成功
[2019-10-14 14:53:26,793] - INFO: 进行退出登录操作
[2019-10-14 14:53:27,415] - INFO: 切换至'我的'页面
[2019-10-14 14:53:29,821] - INFO: 点击设置，进入设置页面
[2019-10-14 14:53:32,129] - INFO: 点击[退出登录]-[确定]
[2019-10-14 14:53:36,644] - INFO: 退出登录成功！
[2019-10-14 14:54:50,145] - INFO: 开始更新desired_caps.ymal中的APP及手机参数...
[2019-10-14 14:54:50,158] - INFO: ---desired_caps.ymal更新完成---
[2019-10-14 14:54:50,164] - INFO: ---检查com.pets.mhcw_1.3.0_7.apk应用是否已安装---
[2019-10-14 14:54:50,837] - INFO: ---应用已安装---
[2019-10-14 14:55:06,815] - INFO: 启动APP，确认是否有定位弹窗...
[2019-10-14 14:55:09,714] - INFO: 没有定位弹窗，判断是否有引导页...
[2019-10-14 14:55:09,720] - INFO: 无引导页...
[2019-10-14 14:55:10,013] - INFO: 不存在升级弹窗，进入首页...
[2019-10-14 14:55:17,018] - INFO: 验证未登录状态点击按钮是否弹窗提示去登录...
[2019-10-14 14:55:17,365] - ERROR: 首页，点击[选择宠物]按钮弹窗失败，失败原因为：Message: No element found

[2019-10-14 14:55:22,370] - INFO: 验证未登录状态能否查看学院文章...
[2019-10-14 14:55:23,098] - INFO: 切换至学院页
[2019-10-14 14:55:24,708] - INFO: 进入喵星人-养猫准备页面
[2019-10-14 14:55:26,193] - INFO: 进入养猫准备文章详情页面
[2019-10-14 14:55:28,328] - INFO: 点击文章详情页面-分享按钮，分享弹窗
[2019-10-14 14:55:29,828] - INFO: 点击分享弹窗-[取消]按钮，弹窗消失
[2019-10-14 14:55:31,801] - INFO: 点击文章详情页面-返回按钮，返回至文章列表页
[2019-10-14 14:55:33,159] - INFO: 点击文章列表页-返回按钮，返回至学院页面
[2019-10-14 14:55:44,164] - INFO: 验证能否查看《用户注册及隐私协议》...
[2019-10-14 14:55:44,712] - INFO: 未登录状态，切换至首页，准备进入登录页面进行登录测试
[2019-10-14 14:55:46,203] - INFO: 点击首页-健康管理，弹窗提示登录
[2019-10-14 14:55:48,731] - INFO: 点击[去登录]，跳转至登录页面成功！
[2019-10-14 14:55:49,076] - INFO: 点击登录页[注册]按钮，进入注册页面
[2019-10-14 14:55:50,425] - INFO: 点击注册页提示弹窗-[同意]按钮，弹窗消失
[2019-10-14 14:55:53,567] - INFO: 进入《用户注册及隐私协议》页面成功！
[2019-10-14 14:55:53,961] - INFO: 点击返回至注册页面！
[2019-10-14 14:56:04,967] - INFO: 验证已注册过的手机号进行注册...
[2019-10-14 14:56:12,321] - INFO: 输入已注册用户手机号，点击获取验证码
[2019-10-14 14:56:13,505] - INFO: 跳转至登录页面，点击返回至首页
[2019-10-14 14:56:24,887] - INFO: 验证码登录功能验证...
[2019-10-14 14:56:25,304] - INFO: 未登录状态，切换至首页，准备进入登录页面进行登录测试
[2019-10-14 14:56:26,624] - INFO: 点击首页-健康管理，弹窗提示登录
[2019-10-14 14:56:27,875] - INFO: 跳转至登录页面
[2019-10-14 14:56:35,115] - INFO: 输入手机号：18768124236
[2019-10-14 14:56:36,124] - INFO: 隐藏键盘
[2019-10-14 14:56:37,575] - INFO: 点击获取验证码
[2019-10-14 14:57:29,646] - INFO: 输入的验证码是：6608
[2019-10-14 14:57:33,212] - INFO: 点击登录按钮
[2019-10-14 14:57:38,348] - INFO: 验证码登录成功
[2019-10-14 14:57:38,352] - INFO: 进行退出登录操作
[2019-10-14 14:57:38,574] - INFO: 账号密码登录功能验证...
[2019-10-14 14:57:38,823] - INFO: 验证日常打卡-添加功能...
[2019-10-14 14:57:39,035] - INFO: 验证日常打卡-打卡功能...
[2019-10-14 14:57:39,235] - INFO: 验证日常打卡-删除日常事项功能...
[2019-10-14 14:57:39,402] - INFO: 验证提醒吧-新增提醒功能...
[2019-10-14 14:57:39,552] - INFO: 验证提醒完成功能...
[2019-10-14 14:57:39,705] - INFO: 验证删除提醒项功能...
[2019-10-14 14:57:39,922] - INFO: 验证健康管理新增功能...
[2019-10-14 14:57:40,105] - INFO: 验证修改健康管理项功能...
[2019-10-14 14:57:40,292] - INFO: 验证删除健康管理项功能...
[2019-10-14 14:57:40,494] - INFO: 验证切换宠物功能...
[2019-10-14 14:57:40,701] - INFO: 验证添加宠物功能...
[2019-10-14 14:57:40,883] - INFO: 验证删除宠物功能...
[2019-10-14 14:57:41,067] - INFO: 验证日历记录功能是否正常...
[2019-10-14 14:57:41,192] - INFO: 验证积分签到功能是否正常...
[2019-10-14 14:57:41,349] - INFO: 验证意见反馈功能...
[2019-10-14 15:06:34,686] - INFO: 开始更新desired_caps.ymal中的APP及手机参数...
[2019-10-14 15:06:34,698] - INFO: ---desired_caps.ymal更新完成---
[2019-10-14 15:06:34,703] - INFO: ---检查com.pets.mhcw_1.3.0_7.apk应用是否已安装---
[2019-10-14 15:06:35,351] - INFO: ---应用已安装---
[2019-10-14 15:06:52,286] - INFO: 启动APP，确认是否有定位弹窗...
[2019-10-14 15:06:58,153] - INFO: 没有定位弹窗，判断是否有引导页...
[2019-10-14 15:06:58,160] - INFO: 无引导页...
[2019-10-14 15:06:58,368] - INFO: 不存在升级弹窗，进入首页...
[2019-10-14 15:07:05,379] - INFO: 验证未登录状态点击按钮是否弹窗提示去登录...
[2019-10-14 15:07:05,616] - ERROR: 首页，点击[选择宠物]按钮弹窗失败，失败原因为：Message: No element found

[2019-10-14 15:07:10,623] - INFO: 验证未登录状态能否查看学院文章...
[2019-10-14 15:07:11,233] - INFO: 切换至学院页
[2019-10-14 15:07:12,797] - INFO: 进入喵星人-养猫准备页面
[2019-10-14 15:07:14,238] - INFO: 进入养猫准备文章详情页面
[2019-10-14 15:07:15,934] - INFO: 点击文章详情页面-分享按钮，分享弹窗
[2019-10-14 15:07:17,402] - INFO: 点击分享弹窗-[取消]按钮，弹窗消失
[2019-10-14 15:07:19,122] - INFO: 点击文章详情页面-返回按钮，返回至文章列表页
[2019-10-14 15:07:20,523] - INFO: 点击文章列表页-返回按钮，返回至学院页面
[2019-10-14 15:07:31,530] - INFO: 验证能否查看《用户注册及隐私协议》...
[2019-10-14 15:07:31,920] - INFO: 未登录状态，切换至首页，准备进入登录页面进行登录测试
[2019-10-14 15:07:33,260] - INFO: 点击首页-健康管理，弹窗提示登录
[2019-10-14 15:07:35,793] - INFO: 点击[去登录]，跳转至登录页面成功！
[2019-10-14 15:07:36,122] - INFO: 点击登录页[注册]按钮，进入注册页面
[2019-10-14 15:07:37,416] - INFO: 点击注册页提示弹窗-[同意]按钮，弹窗消失
[2019-10-14 15:07:40,385] - INFO: 进入《用户注册及隐私协议》页面成功！
[2019-10-14 15:07:40,714] - INFO: 点击返回至注册页面！
[2019-10-14 15:07:51,721] - INFO: 验证已注册过的手机号进行注册...
[2019-10-14 15:07:59,192] - INFO: 输入已注册用户手机号，点击获取验证码
[2019-10-14 15:08:00,391] - INFO: 跳转至登录页面，点击返回至首页
[2019-10-14 15:08:11,797] - INFO: 账号密码登录功能验证...
[2019-10-14 15:08:12,274] - INFO: 未登录状态，切换至首页，准备进入登录页面进行登录测试
[2019-10-14 15:08:13,702] - INFO: 点击首页-健康管理，弹窗提示登录
[2019-10-14 15:08:15,008] - INFO: 跳转至登录页面
[2019-10-14 15:08:16,453] - INFO: 点击[账号密码登录]按钮，进入账号密码登录页...
[2019-10-14 15:08:23,408] - INFO: 输入手机号：18768124236...
[2019-10-14 15:08:29,460] - INFO: 输入密码：111111...
[2019-10-14 15:08:30,868] - INFO: 点击登录按钮...
[2019-10-14 15:08:33,155] - INFO: 密码登录成功！
[2019-10-14 15:08:43,163] - INFO: 验证日常打卡-添加功能...
[2019-10-14 15:08:43,674] - INFO: 进入日常打卡页面...
[2019-10-14 15:08:47,351] - INFO: 进入添加页面
[2019-10-14 15:08:48,164] - INFO: 验证日常打卡-打卡功能...
[2019-10-14 15:08:48,396] - INFO: 验证日常打卡-删除日常事项功能...
[2019-10-14 15:08:48,649] - INFO: 验证提醒吧-新增提醒功能...
[2019-10-14 15:08:48,937] - INFO: 验证提醒完成功能...
[2019-10-14 15:08:49,172] - INFO: 验证删除提醒项功能...
[2019-10-14 15:08:49,422] - INFO: 验证健康管理新增功能...
[2019-10-14 15:08:49,616] - INFO: 验证修改健康管理项功能...
[2019-10-14 15:08:49,799] - INFO: 验证删除健康管理项功能...
[2019-10-14 15:08:49,972] - INFO: 验证切换宠物功能...
[2019-10-14 15:08:50,213] - INFO: 验证添加宠物功能...
[2019-10-14 15:08:50,394] - INFO: 验证删除宠物功能...
[2019-10-14 15:08:50,743] - INFO: 进入宠物详情页
[2019-10-14 15:08:51,959] - INFO: 验证日历记录功能是否正常...
[2019-10-14 15:08:52,110] - INFO: 验证积分签到功能是否正常...
[2019-10-14 15:08:52,234] - INFO: 验证意见反馈功能...
[2019-10-14 15:19:02,214] - INFO: 验证日常打卡-添加功能...
[2019-10-14 15:19:02,681] - INFO: 进入日常打卡页面
[2019-10-14 15:19:10,859] - INFO: 进入添加页面
[2019-10-14 15:44:55,972] - INFO: 验证日常打卡-添加功能...
[2019-10-14 15:44:56,375] - INFO: 进入日常打卡页面
[2019-10-14 15:45:04,572] - INFO: 进入添加页面
[2019-10-14 15:45:17,344] - INFO: 日常事项输入：995，鼓励语输入：996
[2019-10-14 15:45:20,016] - INFO: 添加日常事项成功！
[2019-10-14 15:45:20,020] - INFO: 验证日常打卡-打卡功能...
[2019-10-14 15:45:20,311] - INFO: 点击吃饭
[2019-10-14 15:45:22,294] - INFO: 点击排泄
[2019-10-14 15:45:23,937] - INFO: 点击新增事项
[2019-10-14 15:45:25,648] - INFO: 日常打卡页面添加打卡后，返回首页
[2019-10-14 15:45:27,869] - INFO: 日常打卡成功！
[2019-10-14 15:45:27,872] - INFO: 验证日常打卡-删除日常事项功能...
[2019-10-14 15:45:28,210] - INFO: 进入日常打卡页面
[2019-10-14 15:45:29,459] - INFO: 开始删除995选项
[2019-10-14 15:45:33,473] - ERROR: 日常打卡新增项删除失败！
[2019-10-14 15:45:34,848] - INFO: 由日常打卡页面返回至首页
[2019-10-14 19:01:07,777] - INFO: 开始更新desired_caps.ymal中的APP及手机参数...
[2019-10-14 19:01:07,797] - INFO: ---desired_caps.ymal更新完成---
[2019-10-14 19:01:07,803] - INFO: ---检查com.pets.mhcw_1.3.0_7.apk应用是否已安装---
[2019-10-14 19:01:08,544] - INFO: ---应用已安装---
[2019-10-14 19:01:08,547] - INFO: 启动appium服务...
[2019-10-14 19:01:25,796] - INFO: 启动APP，确认是否有定位弹窗...
[2019-10-14 19:01:28,707] - INFO: 没有定位弹窗，判断是否有引导页...
[2019-10-14 19:01:28,714] - INFO: 无引导页...
[2019-10-14 19:01:29,156] - INFO: 不存在升级弹窗，进入首页...
[2019-10-14 19:01:36,159] - INFO: 验证未登录状态点击按钮是否弹窗提示去登录...
[2019-10-14 19:01:37,294] - ERROR: 首页，点击[选择宠物]按钮弹窗失败，失败原因为：Message: No element found

[2019-10-14 19:01:42,303] - INFO: 验证未登录状态能否查看学院文章...
[2019-10-14 19:01:42,497] - ERROR: 未登录状态-切换至学院页面出错，错误原因为：Message: No element found

[2019-10-14 19:01:52,505] - INFO: 验证能否查看《用户注册及隐私协议》...
[2019-10-14 19:01:52,753] - INFO: 验证已注册过的手机号进行注册...
[2019-10-14 19:01:52,947] - INFO: 账号密码登录功能验证...
[2019-10-14 19:01:53,152] - INFO: 验证日常打卡-添加功能...
[2019-10-14 19:01:53,339] - INFO: 验证日常打卡-打卡功能...
[2019-10-14 19:01:53,573] - INFO: 验证日常打卡-删除日常事项功能...
[2019-10-14 19:01:53,782] - INFO: 验证提醒吧-新增提醒功能...
[2019-10-14 19:01:53,981] - INFO: 验证提醒完成功能...
[2019-10-14 19:01:54,175] - INFO: 验证删除提醒项功能...
[2019-10-14 19:01:54,411] - INFO: 验证健康管理新增功能...
[2019-10-14 19:01:54,597] - INFO: 验证修改健康管理项功能...
[2019-10-14 19:01:54,804] - INFO: 验证删除健康管理项功能...
[2019-10-14 19:01:54,987] - INFO: 验证切换宠物功能...
[2019-10-14 19:01:55,279] - INFO: 首页展示当前宠物为：香猪
[2019-10-14 19:01:55,978] - INFO: 验证添加宠物功能...
[2019-10-14 19:01:56,136] - INFO: 验证删除宠物功能...
[2019-10-14 19:01:56,324] - INFO: 验证日历记录功能是否正常...
[2019-10-14 19:01:56,512] - INFO: 验证积分签到功能是否正常...
[2019-10-14 19:01:56,686] - INFO: 验证意见反馈功能...
[2019-10-14 19:01:59,336] - INFO: 停止appium服务...
[2019-10-14 19:07:28,752] - INFO: 开始更新desired_caps.ymal中的APP及手机参数...
[2019-10-14 19:07:28,767] - INFO: ---desired_caps.ymal更新完成---
[2019-10-14 19:07:28,774] - INFO: ---检查com.pets.mhcw_1.3.0_7.apk应用是否已安装---
[2019-10-14 19:07:29,452] - INFO: ---应用已安装---
[2019-10-14 19:07:29,455] - INFO: 启动appium服务...
[2019-10-14 19:07:44,971] - INFO: 启动APP，确认是否有定位弹窗...
[2019-10-14 19:07:50,837] - INFO: 没有定位弹窗，判断是否有引导页...
[2019-10-14 19:07:50,844] - INFO: 无引导页...
[2019-10-14 19:07:51,073] - INFO: 不存在升级弹窗，进入首页...
[2019-10-14 19:07:58,077] - INFO: 验证未登录状态点击按钮是否弹窗提示去登录...
[2019-10-14 19:07:58,671] - ERROR: 首页，点击[选择宠物]按钮弹窗失败，失败原因为：Message: No element found

[2019-10-14 19:08:03,679] - INFO: 验证未登录状态能否查看学院文章...
[2019-10-14 19:08:03,852] - ERROR: 未登录状态-切换至学院页面出错，错误原因为：Message: No element found

[2019-10-14 19:08:13,859] - INFO: 验证能否查看《用户注册及隐私协议》...
[2019-10-14 19:08:14,050] - INFO: 验证已注册过的手机号进行注册...
[2019-10-14 19:08:14,201] - INFO: 账号密码登录功能验证...
[2019-10-14 19:08:14,395] - INFO: 验证日常打卡-添加功能...
[2019-10-14 19:08:14,564] - INFO: 验证日常打卡-打卡功能...
[2019-10-14 19:08:14,748] - INFO: 验证日常打卡-删除日常事项功能...
[2019-10-14 19:08:14,899] - INFO: 验证提醒吧-新增提醒功能...
[2019-10-14 19:08:15,051] - INFO: 验证提醒完成功能...
[2019-10-14 19:08:15,180] - INFO: 验证删除提醒项功能...
[2019-10-14 19:08:15,384] - INFO: 验证健康管理新增功能...
[2019-10-14 19:08:15,511] - INFO: 验证修改健康管理项功能...
[2019-10-14 19:08:15,632] - INFO: 验证删除健康管理项功能...
[2019-10-14 19:08:15,770] - INFO: 验证切换宠物功能...
[2019-10-14 19:08:15,937] - INFO: 验证添加宠物功能...
[2019-10-14 19:08:16,073] - INFO: 验证删除宠物功能...
[2019-10-14 19:08:16,200] - INFO: 验证日历记录功能是否正常...
[2019-10-14 19:08:16,325] - INFO: 验证积分签到功能是否正常...
[2019-10-14 19:08:16,425] - INFO: 验证意见反馈功能...
[2019-10-14 19:08:18,912] - INFO: 停止appium服务...
[2019-10-14 19:15:25,461] - INFO: 开始更新desired_caps.ymal中的APP及手机参数...
[2019-10-14 19:15:25,475] - INFO: ---desired_caps.ymal更新完成---
[2019-10-14 19:15:25,482] - INFO: ---检查com.pets.mhcw_1.3.0_7.apk应用是否已安装---
[2019-10-14 19:15:26,127] - INFO: ---应用已安装---
[2019-10-14 19:15:26,132] - INFO: 启动appium服务...
[2019-10-14 19:15:42,126] - INFO: 启动APP，确认是否有定位弹窗...
[2019-10-14 19:15:44,927] - INFO: 没有定位弹窗，判断是否有引导页...
[2019-10-14 19:15:44,934] - INFO: 无引导页...
[2019-10-14 19:15:45,176] - INFO: 不存在升级弹窗，进入首页...
[2019-10-14 19:15:52,181] - INFO: 验证未登录状态点击按钮是否弹窗提示去登录...
[2019-10-14 19:15:59,777] - INFO: 验证未登录状态能否查看学院文章...
[2019-10-14 19:16:00,201] - INFO: 切换至学院页
[2019-10-14 19:16:01,704] - INFO: 进入喵星人-养猫准备页面
[2019-10-14 19:16:03,091] - INFO: 进入养猫准备文章详情页面
[2019-10-14 19:16:04,981] - INFO: 点击文章详情页面-分享按钮，分享弹窗
[2019-10-14 19:16:06,387] - INFO: 点击分享弹窗-[取消]按钮，弹窗消失
[2019-10-14 19:16:08,172] - INFO: 点击文章详情页面-返回按钮，返回至文章列表页
[2019-10-14 19:16:09,509] - INFO: 点击文章列表页-返回按钮，返回至学院页面
[2019-10-14 19:16:20,518] - INFO: 验证能否查看《用户注册及隐私协议》...
[2019-10-14 19:16:20,995] - INFO: 未登录状态，切换至首页，准备进入登录页面进行登录测试
[2019-10-14 19:16:22,347] - INFO: 点击首页-健康管理，弹窗提示登录
[2019-10-14 19:16:24,819] - INFO: 点击[去登录]，跳转至登录页面成功！
[2019-10-14 19:16:25,178] - INFO: 点击登录页[注册]按钮，进入注册页面
[2019-10-14 19:16:26,525] - INFO: 点击注册页提示弹窗-[同意]按钮，弹窗消失
[2019-10-14 19:16:29,477] - INFO: 进入《用户注册及隐私协议》页面成功！
[2019-10-14 19:16:29,813] - INFO: 点击返回至注册页面！
[2019-10-14 19:16:40,821] - INFO: 验证已注册过的手机号进行注册...
[2019-10-14 19:16:48,553] - INFO: 输入已注册用户手机号，点击获取验证码
[2019-10-14 19:16:49,725] - INFO: 跳转至登录页面，点击返回至首页
[2019-10-14 19:17:01,095] - INFO: 账号密码登录功能验证...
[2019-10-14 19:17:01,544] - INFO: 未登录状态，切换至首页，准备进入登录页面进行登录测试
[2019-10-14 19:17:02,881] - INFO: 点击首页-健康管理，弹窗提示登录
[2019-10-14 19:17:04,163] - INFO: 跳转至登录页面
[2019-10-14 19:17:05,648] - INFO: 点击[账号密码登录]按钮，进入账号密码登录页
[2019-10-14 19:17:12,444] - INFO: 输入手机号：18768124236
[2019-10-14 19:17:19,030] - INFO: 输入密码：111111
[2019-10-14 19:17:20,479] - INFO: 点击登录按钮
[2019-10-14 19:17:22,801] - INFO: 密码登录成功！
[2019-10-14 19:17:32,807] - INFO: 验证日常打卡-添加功能...
[2019-10-14 19:17:33,252] - INFO: 进入日常打卡页面
[2019-10-14 19:17:42,849] - INFO: 进入添加页面
[2019-10-14 19:17:55,763] - INFO: 日常事项输入：995，鼓励语输入：996
[2019-10-14 19:17:58,387] - INFO: 添加日常事项成功！
[2019-10-14 19:18:08,392] - INFO: 验证日常打卡-打卡功能...
[2019-10-14 19:18:08,831] - INFO: 点击吃饭
[2019-10-14 19:18:10,715] - INFO: 点击排泄
[2019-10-14 19:18:12,597] - INFO: 点击新增事项
[2019-10-14 19:18:14,474] - INFO: 日常打卡页面添加打卡后，返回首页
[2019-10-14 19:18:16,682] - INFO: 日常打卡成功！
[2019-10-14 19:18:26,686] - INFO: 验证日常打卡-删除日常事项功能...
[2019-10-14 19:18:27,201] - INFO: 进入日常打卡页面
[2019-10-14 19:18:28,444] - INFO: 开始删除995选项
[2019-10-14 19:18:34,365] - INFO: 日常打卡新增项删除成功！
[2019-10-14 19:18:34,678] - INFO: 由日常打卡页面返回至首页
[2019-10-14 19:18:45,681] - INFO: 验证提醒吧-新增提醒功能...
[2019-10-14 19:18:46,111] - INFO: 进入提醒吧页面
[2019-10-14 19:18:47,748] - INFO: 进入提醒吧-添加页面
[2019-10-14 19:19:00,442] - INFO: 内容输入：777，时间输入：888
[2019-10-14 19:19:01,230] - INFO: 设置提醒时间
[2019-10-14 19:19:07,343] - INFO: 新增提醒成功！
[2019-10-14 19:19:17,348] - INFO: 验证提醒完成功能...
[2019-10-14 19:19:19,449] - INFO: 点击完成按钮
[2019-10-14 19:19:31,454] - INFO: 验证删除提醒项功能...
[2019-10-14 19:19:34,166] - INFO: 向左滑动新增提醒项
[2019-10-14 19:19:35,565] - INFO: 点击删除
[2019-10-14 19:19:36,709] - INFO: 提醒吧-新增提醒项删除成功！
[2019-10-14 19:19:37,013] - INFO: 提醒吧页面返回至首页
[2019-10-14 19:19:48,018] - INFO: 验证健康管理新增功能...
[2019-10-14 19:19:48,448] - INFO: 进入健康管理页面
[2019-10-14 19:19:50,048] - INFO: 进入健康管理-添加页面
[2019-10-14 19:19:50,896] - INFO: 验证修改健康管理项功能...
[2019-10-14 19:19:51,186] - INFO: 验证删除健康管理项功能...
[2019-10-14 19:19:51,447] - INFO: 验证切换宠物功能...
[2019-10-14 19:19:51,651] - INFO: 验证添加宠物功能...
[2019-10-14 19:19:51,835] - INFO: 验证删除宠物功能...
[2019-10-14 19:19:52,030] - INFO: 验证日历记录功能是否正常...
[2019-10-14 19:19:52,174] - INFO: 验证积分签到功能是否正常...
[2019-10-14 19:19:52,299] - INFO: 验证意见反馈功能...
[2019-10-14 19:19:54,780] - INFO: 停止appium服务...
[2019-10-14 19:24:22,708] - INFO: 验证健康管理新增功能...
[2019-10-14 19:24:23,165] - INFO: 进入健康管理页面
[2019-10-14 19:24:24,639] - INFO: 进入健康管理-添加页面
[2019-10-14 19:24:27,246] - INFO: 设置时间
[2019-10-14 19:24:50,660] - INFO: 医院输入：666，诊断结果输入：250，病情描述输入：500
[2019-10-14 19:24:54,145] - INFO: 新增健康管理成功！
[2019-10-14 19:24:54,150] - INFO: 验证修改健康管理项功能...
[2019-10-14 19:24:54,795] - INFO: 进入管理项（医院为：666）详情页
[2019-10-14 19:25:02,975] - INFO: 清除之前的病情描述，重新输入：555
[2019-10-14 19:25:06,431] - INFO: 修改健康管理项成功！
[2019-10-14 19:25:06,436] - INFO: 验证删除健康管理项功能...
[2019-10-14 19:25:07,084] - INFO: 进入管理项（医院为：666）详情页
[2019-10-14 19:26:11,612] - INFO: 验证健康管理新增功能...
[2019-10-14 19:26:12,039] - INFO: 进入健康管理页面
[2019-10-14 19:26:13,472] - INFO: 进入健康管理-添加页面
[2019-10-14 19:26:15,907] - INFO: 设置时间
[2019-10-14 19:26:38,438] - INFO: 医院输入：666，诊断结果输入：250，病情描述输入：500
[2019-10-14 19:26:41,951] - INFO: 新增健康管理成功！
[2019-10-14 19:26:41,957] - INFO: 验证修改健康管理项功能...
[2019-10-14 19:26:42,447] - INFO: 进入管理项（医院为：666）详情页
[2019-10-14 19:26:50,785] - INFO: 清除之前的病情描述，重新输入：555
[2019-10-14 19:26:54,195] - INFO: 修改健康管理项成功！
[2019-10-14 19:26:54,198] - INFO: 验证删除健康管理项功能...
[2019-10-14 19:26:54,749] - INFO: 进入管理项（医院为：666）详情页
[2019-10-14 19:28:29,426] - INFO: 验证健康管理新增功能...
[2019-10-14 19:28:29,832] - INFO: 进入健康管理页面
[2019-10-14 19:28:31,275] - INFO: 进入健康管理-添加页面
[2019-10-14 19:28:33,813] - INFO: 设置时间
[2019-10-14 19:28:56,678] - INFO: 医院输入：666，诊断结果输入：250，病情描述输入：500
[2019-10-14 19:29:00,113] - INFO: 新增健康管理成功！
[2019-10-14 19:29:00,117] - INFO: 验证修改健康管理项功能...
[2019-10-14 19:29:00,524] - INFO: 进入管理项（医院为：666）详情页
[2019-10-14 19:29:09,091] - INFO: 清除之前的病情描述，重新输入：555
[2019-10-14 19:29:12,561] - INFO: 修改健康管理项成功！
[2019-10-14 19:29:12,564] - INFO: 验证删除健康管理项功能...
[2019-10-14 19:29:13,550] - INFO: 进入管理项（医院为：666）详情页
[2019-10-14 19:29:21,284] - INFO: 点击确定删除
[2019-10-14 19:29:22,436] - INFO: 删除健康管理项成功！
[2019-10-14 19:29:23,143] - INFO: 由健康管理页面跳转至首页
[2019-10-14 19:30:16,864] - INFO: 开始更新desired_caps.ymal中的APP及手机参数...
[2019-10-14 19:30:16,878] - INFO: ---desired_caps.ymal更新完成---
[2019-10-14 19:30:16,884] - INFO: ---检查com.pets.mhcw_1.3.0_7.apk应用是否已安装---
[2019-10-14 19:30:17,412] - INFO: ---应用已安装---
[2019-10-14 19:30:17,415] - INFO: 启动appium服务...
[2019-10-14 19:30:33,512] - INFO: 启动APP，确认是否有定位弹窗...
[2019-10-14 19:30:36,501] - INFO: 没有定位弹窗，判断是否有引导页...
[2019-10-14 19:30:36,507] - INFO: 无引导页...
[2019-10-14 19:30:36,835] - INFO: 不存在升级弹窗，进入首页...
[2019-10-14 19:30:43,838] - INFO: 验证未登录状态点击按钮是否弹窗提示去登录...
[2019-10-14 19:30:51,505] - INFO: 验证未登录状态能否查看学院文章...
[2019-10-14 19:30:51,961] - INFO: 切换至学院页
[2019-10-14 19:30:53,475] - INFO: 进入喵星人-养猫准备页面
[2019-10-14 19:30:54,905] - INFO: 进入养猫准备文章详情页面
[2019-10-14 19:30:56,825] - INFO: 点击文章详情页面-分享按钮，分享弹窗
[2019-10-14 19:30:58,207] - INFO: 点击分享弹窗-[取消]按钮，弹窗消失
[2019-10-14 19:31:00,116] - INFO: 点击文章详情页面-返回按钮，返回至文章列表页
[2019-10-14 19:31:01,462] - INFO: 点击文章列表页-返回按钮，返回至学院页面
[2019-10-14 19:31:12,471] - INFO: 验证能否查看《用户注册及隐私协议》...
[2019-10-14 19:31:13,613] - INFO: 未登录状态，切换至首页，准备进入登录页面进行登录测试
[2019-10-14 19:31:15,092] - INFO: 点击首页-健康管理，弹窗提示登录
[2019-10-14 19:31:17,691] - INFO: 点击[去登录]，跳转至登录页面成功！
[2019-10-14 19:31:18,021] - INFO: 点击登录页[注册]按钮，进入注册页面
[2019-10-14 19:31:19,335] - INFO: 点击注册页提示弹窗-[同意]按钮，弹窗消失
[2019-10-14 19:31:22,624] - INFO: 进入《用户注册及隐私协议》页面成功！
[2019-10-14 19:31:22,916] - INFO: 点击返回至注册页面！
[2019-10-14 19:31:33,924] - INFO: 验证已注册过的手机号进行注册...
[2019-10-14 19:31:41,233] - INFO: 输入已注册用户手机号，点击获取验证码
[2019-10-14 19:31:42,468] - INFO: 跳转至登录页面，点击返回至首页
[2019-10-14 19:31:53,875] - INFO: 账号密码登录功能验证...
[2019-10-14 19:31:54,268] - INFO: 未登录状态，切换至首页，准备进入登录页面进行登录测试
[2019-10-14 19:31:55,649] - INFO: 点击首页-健康管理，弹窗提示登录
[2019-10-14 19:31:56,972] - INFO: 跳转至登录页面
[2019-10-14 19:31:58,435] - INFO: 点击[账号密码登录]按钮，进入账号密码登录页
[2019-10-14 19:32:05,032] - INFO: 输入手机号：18768124236
[2019-10-14 19:32:11,006] - INFO: 输入密码：111111
[2019-10-14 19:32:12,471] - INFO: 点击登录按钮
[2019-10-14 19:32:14,847] - INFO: 密码登录成功！
[2019-10-14 19:32:24,852] - INFO: 验证日常打卡-添加功能...
[2019-10-14 19:32:25,237] - INFO: 进入日常打卡页面
[2019-10-14 19:32:34,330] - INFO: 进入添加页面
[2019-10-14 19:32:46,640] - INFO: 日常事项输入：995，鼓励语输入：996
[2019-10-14 19:32:49,359] - INFO: 添加日常事项成功！
[2019-10-14 19:32:54,365] - INFO: 验证日常打卡-打卡功能...
[2019-10-14 19:32:54,693] - INFO: 点击吃饭
[2019-10-14 19:32:56,698] - INFO: 点击排泄
[2019-10-14 19:32:58,620] - INFO: 点击新增事项
[2019-10-14 19:33:00,356] - INFO: 日常打卡页面添加打卡后，返回首页
[2019-10-14 19:33:02,736] - INFO: 日常打卡成功！
[2019-10-14 19:33:07,740] - INFO: 验证日常打卡-删除日常事项功能...
[2019-10-14 19:33:08,156] - INFO: 进入日常打卡页面
[2019-10-14 19:33:09,433] - INFO: 开始删除995选项
[2019-10-14 19:33:15,915] - INFO: 日常打卡新增项删除成功！
[2019-10-14 19:33:16,278] - INFO: 由日常打卡页面返回至首页
[2019-10-14 19:33:22,281] - INFO: 验证提醒吧-新增提醒功能...
[2019-10-14 19:33:22,689] - INFO: 进入提醒吧页面
[2019-10-14 19:33:24,136] - INFO: 进入提醒吧-添加页面
[2019-10-14 19:33:37,396] - INFO: 内容输入：777，时间输入：888
[2019-10-14 19:33:38,362] - INFO: 设置提醒时间
[2019-10-14 19:33:44,628] - INFO: 新增提醒成功！
[2019-10-14 19:33:49,634] - INFO: 验证提醒完成功能...
[2019-10-14 19:33:51,587] - INFO: 点击完成按钮
[2019-10-14 19:33:58,594] - INFO: 验证删除提醒项功能...
[2019-10-14 19:34:01,342] - INFO: 向左滑动新增提醒项
[2019-10-14 19:34:02,737] - INFO: 点击删除
[2019-10-14 19:34:03,941] - INFO: 提醒吧-新增提醒项删除成功！
[2019-10-14 19:34:04,298] - INFO: 提醒吧页面返回至首页
[2019-10-14 19:34:10,303] - INFO: 验证健康管理新增功能...
[2019-10-14 19:34:10,651] - INFO: 进入健康管理页面
[2019-10-14 19:34:12,036] - INFO: 进入健康管理-添加页面
[2019-10-14 19:34:14,534] - INFO: 设置时间
[2019-10-14 19:34:37,777] - INFO: 医院输入：666，诊断结果输入：250，病情描述输入：500
[2019-10-14 19:34:41,509] - INFO: 新增健康管理成功！
[2019-10-14 19:34:46,513] - INFO: 验证修改健康管理项功能...
[2019-10-14 19:34:46,874] - INFO: 进入管理项（医院为：666）详情页
[2019-10-14 19:34:55,227] - INFO: 清除之前的病情描述，重新输入：555
[2019-10-14 19:34:58,764] - INFO: 修改健康管理项成功！
[2019-10-14 19:35:03,767] - INFO: 验证删除健康管理项功能...
[2019-10-14 19:35:04,131] - INFO: 进入管理项（医院为：666）详情页
[2019-10-14 19:35:07,864] - INFO: 点击确定删除
[2019-10-14 19:35:09,154] - INFO: 删除健康管理项成功！
[2019-10-14 19:35:10,258] - INFO: 由健康管理页面跳转至首页
[2019-10-14 19:35:16,263] - INFO: 验证切换宠物功能...
[2019-10-14 19:35:16,687] - INFO: 首页展示当前宠物为：香猪
[2019-10-14 19:35:17,670] - INFO: 进入我的宠物页面
[2019-10-14 19:35:19,586] - INFO: 点击宠物：球球，进行宠物切换
[2019-10-14 19:35:25,590] - INFO: 验证添加宠物功能...
[2019-10-14 19:35:25,976] - INFO: 进入我的宠物页面
[2019-10-14 19:35:28,977] - INFO: 选择喵星人，进入添加宠物页
[2019-10-14 19:35:39,855] - INFO: 填写昵称：996，性别选择：公
[2019-10-14 19:35:42,889] - INFO: 验证删除宠物功能...
[2019-10-14 19:35:43,096] - INFO: 验证日历记录功能是否正常...
[2019-10-14 19:35:43,359] - INFO: 验证积分签到功能是否正常...
[2019-10-14 19:35:43,591] - INFO: 验证意见反馈功能...
[2019-10-14 19:35:46,730] - INFO: 停止appium服务...
[2019-10-14 19:45:06,876] - INFO: 验证添加宠物功能...
[2019-10-14 19:45:07,329] - INFO: 进入我的宠物页面
[2019-10-14 19:45:10,199] - INFO: 选择喵星人，进入添加宠物页
[2019-10-14 19:45:22,039] - INFO: 填写昵称：996，性别选择：公
[2019-10-14 19:45:25,497] - INFO: 品种选择：
[2019-10-14 19:45:27,849] - INFO: 设置出生日期
[2019-10-14 19:45:33,762] - INFO: 设置到家日期
[2019-10-14 19:45:45,245] - INFO: 填写体重：2
[2019-10-14 19:45:48,417] - INFO: 疫苗情况：已打全疫苗
[2019-10-14 19:45:51,158] - INFO: 绝育情况：未绝育
[2019-10-14 19:47:38,115] - INFO: 验证添加宠物功能...
[2019-10-14 19:47:38,536] - INFO: 进入我的宠物页面
[2019-10-14 19:47:41,326] - INFO: 选择喵星人，进入添加宠物页
[2019-10-14 19:47:52,284] - INFO: 填写昵称：996，性别选择：公
[2019-10-14 19:47:55,845] - INFO: 品种选择：
[2019-10-14 19:47:58,311] - INFO: 设置出生日期
[2019-10-14 19:48:04,198] - INFO: 设置到家日期
[2019-10-14 19:48:15,429] - INFO: 填写体重：2
[2019-10-14 19:48:18,607] - INFO: 疫苗情况：已打全疫苗
[2019-10-14 19:48:21,298] - INFO: 绝育情况：未绝育
[2019-10-14 19:48:25,025] - INFO: 宠物添加成功！
[2019-10-14 19:49:05,810] - INFO: 验证删除宠物功能...
[2019-10-14 19:49:06,216] - INFO: 进入宠物详情页
[2019-10-14 19:49:07,893] - INFO: 点击删除按钮
[2019-10-14 19:49:09,155] - INFO: 点击确认删除按钮
[2019-10-14 19:49:10,452] - INFO: 宠物删除成功！
[2019-10-14 19:50:53,867] - INFO: 开始更新desired_caps.ymal中的APP及手机参数...
[2019-10-14 19:50:53,881] - INFO: ---desired_caps.ymal更新完成---
[2019-10-14 19:50:53,887] - INFO: ---检查com.pets.mhcw_1.3.0_7.apk应用是否已安装---
[2019-10-14 19:50:54,533] - INFO: ---应用已安装---
[2019-10-14 19:50:54,535] - INFO: 启动appium服务...
[2019-10-14 19:51:10,271] - INFO: 启动APP，确认是否有定位弹窗...
[2019-10-14 19:51:17,103] - INFO: 没有定位弹窗，判断是否有引导页...
[2019-10-14 19:51:17,109] - INFO: 无引导页...
[2019-10-14 19:51:17,436] - INFO: 不存在升级弹窗，进入首页...
[2019-10-14 19:51:24,441] - INFO: 验证未登录状态点击按钮是否弹窗提示去登录...
[2019-10-14 19:51:32,192] - INFO: 验证未登录状态能否查看学院文章...
[2019-10-14 19:51:32,845] - INFO: 切换至学院页
[2019-10-14 19:51:34,524] - INFO: 进入喵星人-养猫准备页面
[2019-10-14 19:51:35,945] - INFO: 进入养猫准备文章详情页面
[2019-10-14 19:51:37,928] - INFO: 点击文章详情页面-分享按钮，分享弹窗
[2019-10-14 19:51:39,387] - INFO: 点击分享弹窗-[取消]按钮，弹窗消失
[2019-10-14 19:51:41,304] - INFO: 点击文章详情页面-返回按钮，返回至文章列表页
[2019-10-14 19:51:42,684] - INFO: 点击文章列表页-返回按钮，返回至学院页面
[2019-10-14 19:51:48,690] - INFO: 验证能否查看《用户注册及隐私协议》...
[2019-10-14 19:51:49,163] - INFO: 未登录状态，切换至首页，准备进入登录页面进行登录测试
[2019-10-14 19:51:50,514] - INFO: 点击首页-健康管理，弹窗提示登录
[2019-10-14 19:51:53,074] - INFO: 点击[去登录]，跳转至登录页面成功！
[2019-10-14 19:51:53,457] - INFO: 点击登录页[注册]按钮，进入注册页面
[2019-10-14 19:51:54,781] - INFO: 点击注册页提示弹窗-[同意]按钮，弹窗消失
[2019-10-14 19:51:58,062] - INFO: 进入《用户注册及隐私协议》页面成功！
[2019-10-14 19:51:58,369] - INFO: 点击返回至注册页面！
[2019-10-14 19:52:04,374] - INFO: 验证已注册过的手机号进行注册...
[2019-10-14 19:52:11,995] - INFO: 输入已注册用户手机号，点击获取验证码
[2019-10-14 19:52:13,259] - INFO: 跳转至登录页面，点击返回至首页
[2019-10-14 19:52:19,670] - INFO: 账号密码登录功能验证...
[2019-10-14 19:52:20,039] - INFO: 未登录状态，切换至首页，准备进入登录页面进行登录测试
[2019-10-14 19:52:21,445] - INFO: 点击首页-健康管理，弹窗提示登录
[2019-10-14 19:52:22,755] - INFO: 跳转至登录页面
[2019-10-14 19:52:24,234] - INFO: 点击[账号密码登录]按钮，进入账号密码登录页
[2019-10-14 19:52:30,955] - INFO: 输入手机号：18768124236
[2019-10-14 19:52:36,955] - INFO: 输入密码：111111
[2019-10-14 19:52:38,400] - INFO: 点击登录按钮
[2019-10-14 19:52:40,870] - INFO: 密码登录成功！
[2019-10-14 19:52:45,874] - INFO: 验证日常打卡-添加功能...
[2019-10-14 19:52:46,291] - INFO: 进入日常打卡页面
[2019-10-14 19:52:55,514] - INFO: 进入添加页面
[2019-10-14 19:53:09,238] - INFO: 日常事项输入：995，鼓励语输入：996
[2019-10-14 19:53:11,997] - INFO: 添加日常事项成功！
[2019-10-14 19:53:17,002] - INFO: 验证日常打卡-打卡功能...
[2019-10-14 19:53:17,316] - INFO: 点击吃饭
[2019-10-14 19:53:19,054] - INFO: 点击排泄
[2019-10-14 19:53:21,202] - INFO: 点击新增事项
[2019-10-14 19:53:22,719] - INFO: 日常打卡页面添加打卡后，返回首页
[2019-10-14 19:53:25,029] - INFO: 日常打卡成功！
[2019-10-14 19:53:30,033] - INFO: 验证日常打卡-删除日常事项功能...
[2019-10-14 19:53:30,418] - INFO: 进入日常打卡页面
[2019-10-14 19:53:31,686] - INFO: 开始删除995选项
[2019-10-14 19:53:37,808] - INFO: 日常打卡新增项删除成功！
[2019-10-14 19:53:38,136] - INFO: 由日常打卡页面返回至首页
[2019-10-14 19:53:44,141] - INFO: 验证提醒吧-新增提醒功能...
[2019-10-14 19:53:44,512] - INFO: 进入提醒吧页面
[2019-10-14 19:53:45,980] - INFO: 进入提醒吧-添加页面
[2019-10-14 19:53:59,711] - INFO: 内容输入：777，时间输入：888
[2019-10-14 19:54:00,543] - INFO: 设置提醒时间
[2019-10-14 19:54:06,932] - INFO: 新增提醒成功！
[2019-10-14 19:54:11,937] - INFO: 验证提醒完成功能...
[2019-10-14 19:54:13,917] - INFO: 点击完成按钮
[2019-10-14 19:54:20,924] - INFO: 验证删除提醒项功能...
[2019-10-14 19:54:23,468] - INFO: 向左滑动新增提醒项
[2019-10-14 19:54:24,924] - INFO: 点击删除
[2019-10-14 19:54:26,169] - INFO: 提醒吧-新增提醒项删除成功！
[2019-10-14 19:54:26,515] - INFO: 提醒吧页面返回至首页
[2019-10-14 19:54:32,521] - INFO: 验证健康管理新增功能...
[2019-10-14 19:54:32,912] - INFO: 进入健康管理页面
[2019-10-14 19:54:34,415] - INFO: 进入健康管理-添加页面
[2019-10-14 19:54:35,753] - INFO: 验证修改健康管理项功能...
[2019-10-14 19:54:35,990] - INFO: 验证删除健康管理项功能...
[2019-10-14 19:54:36,267] - INFO: 验证切换宠物功能...
[2019-10-14 19:54:36,539] - INFO: 验证添加宠物功能...
[2019-10-14 19:54:36,780] - INFO: 验证删除宠物功能...
[2019-10-14 19:54:37,048] - INFO: 验证日历记录功能是否正常...
[2019-10-14 19:54:37,312] - INFO: 验证积分签到功能是否正常...
[2019-10-14 19:54:37,575] - INFO: 验证意见反馈功能...
[2019-10-14 19:54:40,957] - INFO: 停止appium服务...
[2019-10-14 19:56:50,965] - INFO: 验证健康管理新增功能...
[2019-10-14 19:56:51,383] - INFO: 进入健康管理页面
[2019-10-14 19:56:52,795] - INFO: 进入健康管理-添加页面
[2019-10-14 19:56:56,100] - INFO: 设置时间
[2019-10-14 19:57:18,848] - INFO: 医院输入：666，诊断结果输入：250，病情描述输入：500
[2019-10-14 19:57:22,373] - INFO: 新增健康管理成功！
[2019-10-14 19:59:29,251] - INFO: 开始更新desired_caps.ymal中的APP及手机参数...
[2019-10-14 19:59:29,265] - INFO: ---desired_caps.ymal更新完成---
[2019-10-14 19:59:29,271] - INFO: ---检查com.pets.mhcw_1.3.0_7.apk应用是否已安装---
[2019-10-14 19:59:29,932] - INFO: ---应用已安装---
[2019-10-14 19:59:29,934] - INFO: 启动appium服务...
[2019-10-14 19:59:45,504] - INFO: 启动APP，确认是否有定位弹窗...
[2019-10-14 19:59:48,523] - INFO: 没有定位弹窗，判断是否有引导页...
[2019-10-14 19:59:48,530] - INFO: 无引导页...
[2019-10-14 19:59:48,864] - INFO: 不存在升级弹窗，进入首页...
[2019-10-14 19:59:55,869] - INFO: 验证未登录状态点击按钮是否弹窗提示去登录...
[2019-10-14 19:59:56,123] - ERROR: 首页，点击[选择宠物]按钮弹窗失败，失败原因为：Message: No element found

[2019-10-14 20:00:01,129] - INFO: 验证未登录状态能否查看学院文章...
[2019-10-14 20:00:01,603] - INFO: 切换至学院页
[2019-10-14 20:00:03,256] - INFO: 进入喵星人-养猫准备页面
[2019-10-14 20:00:04,753] - INFO: 进入养猫准备文章详情页面
[2019-10-14 20:00:06,714] - INFO: 点击文章详情页面-分享按钮，分享弹窗
[2019-10-14 20:00:08,117] - INFO: 点击分享弹窗-[取消]按钮，弹窗消失
[2019-10-14 20:00:10,148] - INFO: 点击文章详情页面-返回按钮，返回至文章列表页
[2019-10-14 20:00:11,545] - INFO: 点击文章列表页-返回按钮，返回至学院页面
[2019-10-14 20:00:17,557] - INFO: 验证能否查看《用户注册及隐私协议》...
[2019-10-14 20:00:18,087] - INFO: 未登录状态，切换至首页，准备进入登录页面进行登录测试
[2019-10-14 20:00:19,663] - INFO: 点击首页-健康管理，弹窗提示登录
[2019-10-14 20:00:20,953] - INFO: 验证已注册过的手机号进行注册...
[2019-10-14 20:00:21,151] - INFO: 账号密码登录功能验证...
[2019-10-14 20:00:21,364] - INFO: 验证日常打卡-添加功能...
[2019-10-14 20:00:21,587] - INFO: 验证日常打卡-打卡功能...
[2019-10-14 20:00:21,808] - INFO: 验证日常打卡-删除日常事项功能...
[2019-10-14 20:00:22,046] - INFO: 验证提醒吧-新增提醒功能...
[2019-10-14 20:00:22,278] - INFO: 验证提醒完成功能...
[2019-10-14 20:00:22,504] - INFO: 验证删除提醒项功能...
[2019-10-14 20:00:22,832] - INFO: 验证健康管理新增功能...
[2019-10-14 20:00:26,160] - INFO: 进入健康管理页面
[2019-10-14 20:00:27,513] - INFO: 进入健康管理-添加页面
[2019-10-14 20:00:30,853] - INFO: 设置时间
[2019-10-14 20:00:55,352] - INFO: 医院输入：666，诊断结果输入：250，病情描述输入：500
[2019-10-14 20:00:58,871] - INFO: 新增健康管理成功！
[2019-10-14 20:01:03,876] - INFO: 验证修改健康管理项功能...
[2019-10-14 20:01:04,235] - INFO: 进入管理项（医院为：666）详情页
[2019-10-14 20:01:12,894] - INFO: 清除之前的病情描述，重新输入：555
[2019-10-14 20:01:16,423] - INFO: 修改健康管理项成功！
[2019-10-14 20:01:21,428] - INFO: 验证删除健康管理项功能...
[2019-10-14 20:01:21,768] - INFO: 进入管理项（医院为：666）详情页
[2019-10-14 20:01:24,591] - INFO: 点击确定删除
[2019-10-14 20:01:26,741] - INFO: 删除健康管理项成功！
[2019-10-14 20:01:27,042] - INFO: 由健康管理页面跳转至首页
[2019-10-14 20:01:33,048] - INFO: 验证切换宠物功能...
[2019-10-14 20:01:33,278] - INFO: 首页展示当前宠物为：香猪
[2019-10-14 20:01:34,664] - INFO: 进入我的宠物页面
[2019-10-14 20:01:36,185] - INFO: 点击宠物：球球，进行宠物切换
[2019-10-14 20:01:42,189] - INFO: 验证添加宠物功能...
[2019-10-14 20:01:42,539] - INFO: 进入我的宠物页面
[2019-10-14 20:01:45,449] - INFO: 选择喵星人，进入添加宠物页
[2019-10-14 20:01:56,335] - INFO: 填写昵称：996，性别选择：公
[2019-10-14 20:02:00,450] - INFO: 品种选择：
[2019-10-14 20:02:02,832] - INFO: 设置出生日期
[2019-10-14 20:02:07,504] - INFO: 设置到家日期
[2019-10-14 20:02:18,986] - INFO: 填写体重：2
[2019-10-14 20:02:22,296] - INFO: 疫苗情况：已打全疫苗
[2019-10-14 20:02:24,914] - INFO: 绝育情况：未绝育
[2019-10-14 20:02:28,668] - INFO: 宠物添加成功！
[2019-10-14 20:02:33,672] - INFO: 验证删除宠物功能...
[2019-10-14 20:02:34,123] - INFO: 进入宠物详情页
[2019-10-14 20:02:35,707] - INFO: 点击删除按钮
[2019-10-14 20:02:36,970] - INFO: 点击确认删除按钮
[2019-10-14 20:02:39,176] - ERROR: 宠物删除失败！
[2019-10-14 20:02:44,180] - INFO: 验证日历记录功能是否正常...
[2019-10-14 20:02:44,528] - INFO: 进入日历记录页面
[2019-10-14 20:02:47,634] - INFO: 进入日常打卡页面
[2019-10-14 20:02:49,336] - INFO: 点击喝水
[2019-10-14 20:02:50,812] - INFO: 返回至日历记录页
[2019-10-14 20:02:55,819] - INFO: 验证积分签到功能是否正常...
[2019-10-14 20:02:56,251] - INFO: 验证意见反馈功能...
[2019-10-14 20:02:59,712] - INFO: 停止appium服务...
[2019-10-14 20:05:11,406] - INFO: 开始更新desired_caps.ymal中的APP及手机参数...
[2019-10-14 20:05:11,422] - INFO: ---desired_caps.ymal更新完成---
[2019-10-14 20:05:11,428] - INFO: ---检查com.pets.mhcw_1.3.0_7.apk应用是否已安装---
[2019-10-14 20:05:12,011] - INFO: ---应用已安装---
[2019-10-14 20:05:12,013] - INFO: 启动appium服务...
[2019-10-14 20:05:28,085] - INFO: 启动APP，确认是否有定位弹窗...
[2019-10-14 20:05:33,960] - INFO: 没有定位弹窗，判断是否有引导页...
[2019-10-14 20:05:33,968] - INFO: 无引导页...
[2019-10-14 20:05:34,290] - INFO: 不存在升级弹窗，进入首页...
[2019-10-14 20:05:41,294] - INFO: 验证未登录状态点击按钮是否弹窗提示去登录...
[2019-10-14 20:05:49,267] - INFO: 验证未登录状态能否查看学院文章...
[2019-10-14 20:05:49,708] - INFO: 切换至学院页
[2019-10-14 20:05:51,288] - INFO: 进入喵星人-养猫准备页面
[2019-10-14 20:05:52,667] - INFO: 进入养猫准备文章详情页面
[2019-10-14 20:05:54,479] - INFO: 点击文章详情页面-分享按钮，分享弹窗
[2019-10-14 20:05:55,911] - INFO: 点击分享弹窗-[取消]按钮，弹窗消失
[2019-10-14 20:05:57,999] - INFO: 点击文章详情页面-返回按钮，返回至文章列表页
[2019-10-14 20:05:59,333] - INFO: 点击文章列表页-返回按钮，返回至学院页面
[2019-10-14 20:06:05,340] - INFO: 验证能否查看《用户注册及隐私协议》...
[2019-10-14 20:06:05,842] - INFO: 未登录状态，切换至首页，准备进入登录页面进行登录测试
[2019-10-14 20:06:07,225] - INFO: 点击首页-健康管理，弹窗提示登录
[2019-10-14 20:06:09,803] - INFO: 点击[去登录]，跳转至登录页面成功！
[2019-10-14 20:06:10,150] - INFO: 点击登录页[注册]按钮，进入注册页面
[2019-10-14 20:06:11,506] - INFO: 点击注册页提示弹窗-[同意]按钮，弹窗消失
[2019-10-14 20:06:14,298] - INFO: 进入《用户注册及隐私协议》页面成功！
[2019-10-14 20:06:14,703] - INFO: 点击返回至注册页面！
[2019-10-14 20:06:20,707] - INFO: 验证已注册过的手机号进行注册...
[2019-10-14 20:06:27,910] - INFO: 输入已注册用户手机号，点击获取验证码
[2019-10-14 20:06:29,152] - INFO: 跳转至登录页面，点击返回至首页
[2019-10-14 20:06:35,563] - INFO: 账号密码登录功能验证...
[2019-10-14 20:06:35,977] - INFO: 未登录状态，切换至首页，准备进入登录页面进行登录测试
[2019-10-14 20:06:37,391] - INFO: 点击首页-健康管理，弹窗提示登录
[2019-10-14 20:06:38,689] - INFO: 跳转至登录页面
[2019-10-14 20:06:40,159] - INFO: 点击[账号密码登录]按钮，进入账号密码登录页
[2019-10-14 20:06:46,834] - INFO: 输入手机号：18768124236
[2019-10-14 20:06:52,977] - INFO: 输入密码：111111
[2019-10-14 20:06:54,440] - INFO: 点击登录按钮
[2019-10-14 20:06:56,822] - INFO: 密码登录成功！
[2019-10-14 20:07:01,827] - INFO: 验证日常打卡-添加功能...
[2019-10-14 20:07:02,244] - INFO: 进入日常打卡页面
[2019-10-14 20:07:11,607] - INFO: 进入添加页面
[2019-10-14 20:07:25,732] - INFO: 日常事项输入：995，鼓励语输入：996
[2019-10-14 20:07:28,482] - INFO: 添加日常事项成功！
[2019-10-14 20:07:33,486] - INFO: 验证日常打卡-打卡功能...
[2019-10-14 20:07:33,863] - INFO: 点击吃饭
[2019-10-14 20:07:35,875] - INFO: 点击排泄
[2019-10-14 20:07:37,845] - INFO: 点击新增事项
[2019-10-14 20:07:39,433] - INFO: 日常打卡页面添加打卡后，返回首页
[2019-10-14 20:07:41,771] - INFO: 日常打卡成功！
[2019-10-14 20:07:46,775] - INFO: 验证日常打卡-删除日常事项功能...
[2019-10-14 20:07:47,190] - INFO: 进入日常打卡页面
[2019-10-14 20:07:48,423] - INFO: 开始删除995选项
[2019-10-14 20:07:54,670] - INFO: 日常打卡新增项删除成功！
[2019-10-14 20:07:55,017] - INFO: 由日常打卡页面返回至首页
[2019-10-14 20:08:01,023] - INFO: 验证提醒吧-新增提醒功能...
[2019-10-14 20:08:01,440] - INFO: 进入提醒吧页面
[2019-10-14 20:08:02,901] - INFO: 进入提醒吧-添加页面
[2019-10-14 20:08:16,128] - INFO: 内容输入：777，时间输入：888
[2019-10-14 20:08:16,988] - INFO: 设置提醒时间
[2019-10-14 20:08:23,275] - INFO: 新增提醒成功！
[2019-10-14 20:08:28,280] - INFO: 验证提醒完成功能...
[2019-10-14 20:08:30,244] - INFO: 点击完成按钮
[2019-10-14 20:08:37,250] - INFO: 验证删除提醒项功能...
[2019-10-14 20:08:39,972] - INFO: 向左滑动新增提醒项
[2019-10-14 20:08:41,370] - INFO: 点击删除
[2019-10-14 20:08:42,626] - INFO: 提醒吧-新增提醒项删除成功！
[2019-10-14 20:08:42,949] - INFO: 提醒吧页面返回至首页
[2019-10-14 20:08:48,953] - INFO: 验证健康管理新增功能...
[2019-10-14 20:08:49,324] - INFO: 进入健康管理页面
[2019-10-14 20:08:50,804] - INFO: 进入健康管理-添加页面
[2019-10-14 20:08:54,226] - INFO: 设置时间
[2019-10-14 20:09:17,991] - INFO: 医院输入：666，诊断结果输入：250，病情描述输入：500
[2019-10-14 20:09:21,776] - INFO: 新增健康管理成功！
[2019-10-14 20:09:26,779] - INFO: 验证修改健康管理项功能...
[2019-10-14 20:09:27,121] - INFO: 进入管理项（医院为：666）详情页
[2019-10-14 20:09:35,605] - INFO: 清除之前的病情描述，重新输入：555
[2019-10-14 20:09:39,240] - INFO: 修改健康管理项成功！
[2019-10-14 20:09:44,244] - INFO: 验证删除健康管理项功能...
[2019-10-14 20:09:44,630] - INFO: 进入管理项（医院为：666）详情页
[2019-10-14 20:09:47,398] - INFO: 点击确定删除
[2019-10-14 20:09:49,639] - INFO: 删除健康管理项成功！
[2019-10-14 20:09:50,005] - INFO: 由健康管理页面跳转至首页
[2019-10-14 20:09:56,010] - INFO: 验证切换宠物功能...
[2019-10-14 20:09:56,282] - INFO: 首页展示当前宠物为：香猪
[2019-10-14 20:09:57,702] - INFO: 进入我的宠物页面
[2019-10-14 20:09:59,302] - INFO: 点击宠物：球球，进行宠物切换
[2019-10-14 20:10:05,307] - INFO: 验证添加宠物功能...
[2019-10-14 20:10:05,696] - INFO: 进入我的宠物页面
[2019-10-14 20:10:08,685] - INFO: 选择喵星人，进入添加宠物页
[2019-10-14 20:10:20,184] - INFO: 填写昵称：996，性别选择：公
[2019-10-14 20:10:23,184] - INFO: 验证删除宠物功能...
[2019-10-14 20:10:23,382] - INFO: 验证日历记录功能是否正常...
[2019-10-14 20:10:23,597] - INFO: 验证积分签到功能是否正常...
[2019-10-14 20:10:23,814] - INFO: 验证意见反馈功能...
[2019-10-14 20:10:27,097] - INFO: 停止appium服务...
[2019-10-14 20:11:13,415] - INFO: 开始更新desired_caps.ymal中的APP及手机参数...
[2019-10-14 20:11:13,428] - INFO: ---desired_caps.ymal更新完成---
[2019-10-14 20:11:13,434] - INFO: ---检查com.pets.mhcw_1.3.0_7.apk应用是否已安装---
[2019-10-14 20:11:14,055] - INFO: ---应用已安装---
[2019-10-14 20:11:14,059] - INFO: 启动appium服务...
[2019-10-14 20:11:42,181] - INFO: 开始更新desired_caps.ymal中的APP及手机参数...
[2019-10-14 20:11:42,196] - INFO: ---desired_caps.ymal更新完成---
[2019-10-14 20:11:42,203] - INFO: ---检查com.pets.mhcw_1.3.0_7.apk应用是否已安装---
[2019-10-14 20:11:42,827] - INFO: ---应用已安装---
[2019-10-14 20:11:42,830] - INFO: 启动appium服务...
[2019-10-14 20:11:58,963] - INFO: 启动APP，确认是否有定位弹窗...
[2019-10-14 20:12:06,152] - INFO: 没有定位弹窗，判断是否有引导页...
[2019-10-14 20:12:06,159] - INFO: 无引导页...
[2019-10-14 20:12:06,395] - INFO: 不存在升级弹窗，进入首页...
[2019-10-14 20:12:13,400] - INFO: 验证未登录状态点击按钮是否弹窗提示去登录...
[2019-10-14 20:12:21,088] - INFO: 验证未登录状态能否查看学院文章...
[2019-10-14 20:12:21,710] - INFO: 切换至学院页
[2019-10-14 20:12:23,364] - INFO: 进入喵星人-养猫准备页面
[2019-10-14 20:12:25,820] - INFO: 进入养猫准备文章详情页面
[2019-10-14 20:12:27,990] - INFO: 点击文章详情页面-分享按钮，分享弹窗
[2019-10-14 20:12:29,383] - INFO: 点击分享弹窗-[取消]按钮，弹窗消失
[2019-10-14 20:12:31,362] - INFO: 点击文章详情页面-返回按钮，返回至文章列表页
[2019-10-14 20:12:32,713] - INFO: 点击文章列表页-返回按钮，返回至学院页面
[2019-10-14 20:12:38,722] - INFO: 验证能否查看《用户注册及隐私协议》...
[2019-10-14 20:12:39,321] - INFO: 未登录状态，切换至首页，准备进入登录页面进行登录测试
[2019-10-14 20:12:40,726] - INFO: 点击首页-健康管理，弹窗提示登录
[2019-10-14 20:12:43,195] - INFO: 点击[去登录]，跳转至登录页面成功！
[2019-10-14 20:12:43,517] - INFO: 点击登录页[注册]按钮，进入注册页面
[2019-10-14 20:12:44,779] - INFO: 点击注册页提示弹窗-[同意]按钮，弹窗消失
[2019-10-14 20:12:47,755] - INFO: 进入《用户注册及隐私协议》页面成功！
[2019-10-14 20:12:48,085] - INFO: 点击返回至注册页面！
[2019-10-14 20:12:54,098] - INFO: 验证已注册过的手机号进行注册...
[2019-10-14 20:13:01,154] - INFO: 输入已注册用户手机号，点击获取验证码
[2019-10-14 20:13:02,357] - INFO: 跳转至登录页面，点击返回至首页
[2019-10-14 20:13:08,816] - INFO: 账号密码登录功能验证...
[2019-10-14 20:13:09,217] - INFO: 未登录状态，切换至首页，准备进入登录页面进行登录测试
[2019-10-14 20:13:10,602] - INFO: 点击首页-健康管理，弹窗提示登录
[2019-10-14 20:13:11,902] - INFO: 跳转至登录页面
[2019-10-14 20:13:13,665] - INFO: 点击[账号密码登录]按钮，进入账号密码登录页
[2019-10-14 20:13:20,420] - INFO: 输入手机号：18768124236
[2019-10-14 20:13:26,519] - INFO: 输入密码：111111
[2019-10-14 20:13:27,930] - INFO: 点击登录按钮
[2019-10-14 20:13:30,204] - INFO: 密码登录成功！
[2019-10-14 20:13:35,209] - INFO: 验证日常打卡-添加功能...
[2019-10-14 20:13:35,611] - INFO: 进入日常打卡页面
[2019-10-14 20:13:44,730] - INFO: 进入添加页面
[2019-10-14 20:13:58,132] - INFO: 日常事项输入：995，鼓励语输入：996
[2019-10-14 20:14:00,782] - INFO: 添加日常事项成功！
[2019-10-14 20:14:05,787] - INFO: 验证日常打卡-打卡功能...
[2019-10-14 20:14:06,168] - INFO: 点击吃饭
[2019-10-14 20:14:08,150] - INFO: 点击排泄
[2019-10-14 20:14:10,192] - INFO: 点击新增事项
[2019-10-14 20:14:11,499] - INFO: 日常打卡页面添加打卡后，返回首页
[2019-10-14 20:14:13,790] - INFO: 日常打卡成功！
[2019-10-14 20:14:18,797] - INFO: 验证日常打卡-删除日常事项功能...
[2019-10-14 20:14:19,182] - INFO: 进入日常打卡页面
[2019-10-14 20:14:20,487] - INFO: 开始删除995选项
[2019-10-14 20:14:26,504] - INFO: 日常打卡新增项删除成功！
[2019-10-14 20:14:26,850] - INFO: 由日常打卡页面返回至首页
[2019-10-14 20:14:32,860] - INFO: 验证提醒吧-新增提醒功能...
[2019-10-14 20:14:33,345] - INFO: 进入提醒吧页面
[2019-10-14 20:14:34,788] - INFO: 进入提醒吧-添加页面
[2019-10-14 20:14:46,921] - INFO: 内容输入：777，时间输入：888
[2019-10-14 20:14:47,731] - INFO: 设置提醒时间
[2019-10-14 20:14:54,039] - INFO: 新增提醒成功！
[2019-10-14 20:14:59,045] - INFO: 验证提醒完成功能...
[2019-10-14 20:15:01,040] - INFO: 点击完成按钮
[2019-10-14 20:15:08,047] - INFO: 验证删除提醒项功能...
[2019-10-14 20:15:10,813] - INFO: 向左滑动新增提醒项
[2019-10-14 20:15:12,260] - INFO: 点击删除
[2019-10-14 20:15:13,477] - INFO: 提醒吧-新增提醒项删除成功！
[2019-10-14 20:15:13,798] - INFO: 提醒吧页面返回至首页
[2019-10-14 20:15:19,803] - INFO: 验证健康管理新增功能...
[2019-10-14 20:15:20,173] - INFO: 进入健康管理页面
[2019-10-14 20:15:21,651] - INFO: 进入健康管理-添加页面
[2019-10-14 20:15:25,093] - INFO: 设置时间
[2019-10-14 20:15:49,184] - INFO: 医院输入：666，诊断结果输入：250，病情描述输入：500
[2019-10-14 20:15:52,862] - INFO: 新增健康管理成功！
[2019-10-14 20:15:57,867] - INFO: 验证修改健康管理项功能...
[2019-10-14 20:15:58,193] - INFO: 进入管理项（医院为：666）详情页
[2019-10-14 20:16:06,127] - INFO: 清除之前的病情描述，重新输入：555
[2019-10-14 20:16:09,789] - INFO: 修改健康管理项成功！
[2019-10-14 20:16:14,795] - INFO: 验证删除健康管理项功能...
[2019-10-14 20:16:15,130] - INFO: 进入管理项（医院为：666）详情页
[2019-10-14 20:16:17,854] - INFO: 点击确定删除
[2019-10-14 20:16:20,029] - INFO: 删除健康管理项成功！
[2019-10-14 20:16:20,362] - INFO: 由健康管理页面跳转至首页
[2019-10-14 20:16:26,368] - INFO: 验证切换宠物功能...
[2019-10-14 20:16:26,609] - INFO: 首页展示当前宠物为：香猪
[2019-10-14 20:16:28,001] - INFO: 进入我的宠物页面
[2019-10-14 20:16:29,569] - INFO: 点击宠物：球球，进行宠物切换
[2019-10-14 20:16:35,575] - INFO: 验证添加宠物功能...
[2019-10-14 20:16:35,917] - INFO: 进入我的宠物页面
[2019-10-14 20:16:38,975] - INFO: 选择喵星人，进入添加宠物页
[2019-10-14 20:16:50,336] - INFO: 填写昵称：996，性别选择：公
[2019-10-14 20:16:55,174] - INFO: 品种选择：
[2019-10-14 20:16:57,636] - INFO: 设置出生日期
[2019-10-14 20:17:02,371] - INFO: 设置到家日期
[2019-10-14 20:17:13,728] - INFO: 填写体重：2
[2019-10-14 20:17:17,039] - INFO: 疫苗情况：已打全疫苗
[2019-10-14 20:17:19,735] - INFO: 绝育情况：未绝育
[2019-10-14 20:17:23,513] - INFO: 宠物添加成功！
[2019-10-14 20:17:28,518] - INFO: 验证删除宠物功能...
[2019-10-14 20:17:28,902] - INFO: 进入宠物详情页
[2019-10-14 20:17:30,517] - INFO: 点击删除按钮
[2019-10-14 20:17:31,805] - INFO: 点击确认删除按钮
[2019-10-14 20:17:34,047] - ERROR: 宠物删除失败！
[2019-10-14 20:17:39,052] - INFO: 验证日历记录功能是否正常...
[2019-10-14 20:17:39,398] - INFO: 进入日历记录页面
[2019-10-14 20:17:46,148] - INFO: 进入日常打卡页面
[2019-10-14 20:17:47,495] - INFO: 点击喝水
[2019-10-14 20:17:48,960] - INFO: 返回至日历记录页
[2019-10-14 20:17:54,964] - INFO: 验证积分签到功能是否正常...
[2019-10-14 20:17:55,351] - INFO: 验证意见反馈功能...
[2019-10-14 20:17:58,937] - INFO: 停止appium服务...
[2019-10-14 20:27:23,541] - INFO: 验证日历记录功能是否正常...
[2019-10-14 20:27:23,974] - INFO: 进入日历记录页面
[2019-10-14 20:27:27,118] - INFO: 进入日常打卡页面
[2019-10-14 20:27:29,346] - INFO: 点击喝水
[2019-10-14 20:27:31,123] - INFO: 返回至日历记录页
[2019-10-14 20:34:32,139] - INFO: 开始更新desired_caps.ymal中的APP及手机参数...
[2019-10-14 20:34:32,152] - INFO: ---desired_caps.ymal更新完成---
[2019-10-14 20:34:32,159] - INFO: ---检查com.pets.mhcw_1.3.0_7.apk应用是否已安装---
[2019-10-14 20:34:32,773] - INFO: ---应用已安装---
[2019-10-14 20:34:32,778] - INFO: 启动appium服务...
[2019-10-14 20:34:48,645] - INFO: 启动APP，确认是否有定位弹窗...
[2019-10-14 20:34:54,296] - INFO: 没有定位弹窗，判断是否有引导页...
[2019-10-14 20:34:54,302] - INFO: 无引导页...
[2019-10-14 20:34:54,567] - INFO: 不存在升级弹窗，进入首页...
[2019-10-14 20:35:01,572] - INFO: 验证未登录状态点击按钮是否弹窗提示去登录...
[2019-10-14 20:35:09,245] - INFO: 验证未登录状态能否查看学院文章...
[2019-10-14 20:35:09,794] - INFO: 切换至学院页
[2019-10-14 20:35:11,449] - INFO: 进入喵星人-养猫准备页面
[2019-10-14 20:35:12,952] - INFO: 进入养猫准备文章详情页面
[2019-10-14 20:35:14,758] - INFO: 点击文章详情页面-分享按钮，分享弹窗
[2019-10-14 20:35:16,165] - INFO: 点击分享弹窗-[取消]按钮，弹窗消失
[2019-10-14 20:35:17,925] - INFO: 点击文章详情页面-返回按钮，返回至文章列表页
[2019-10-14 20:35:19,261] - INFO: 点击文章列表页-返回按钮，返回至学院页面
[2019-10-14 20:35:25,267] - INFO: 验证能否查看《用户注册及隐私协议》...
[2019-10-14 20:35:25,708] - INFO: 未登录状态，切换至首页，准备进入登录页面进行登录测试
[2019-10-14 20:35:27,053] - INFO: 点击首页-健康管理，弹窗提示登录
[2019-10-14 20:35:29,583] - INFO: 点击[去登录]，跳转至登录页面成功！
[2019-10-14 20:35:29,940] - INFO: 点击登录页[注册]按钮，进入注册页面
[2019-10-14 20:35:31,236] - INFO: 点击注册页提示弹窗-[同意]按钮，弹窗消失
[2019-10-14 20:35:34,189] - INFO: 进入《用户注册及隐私协议》页面成功！
[2019-10-14 20:35:34,528] - INFO: 点击返回至注册页面！
[2019-10-14 20:35:40,533] - INFO: 验证已注册过的手机号进行注册...
[2019-10-14 20:35:47,792] - INFO: 输入已注册用户手机号，点击获取验证码
[2019-10-14 20:35:49,073] - INFO: 跳转至登录页面，点击返回至首页
[2019-10-14 20:35:55,439] - INFO: 账号密码登录功能验证...
[2019-10-14 20:35:55,819] - INFO: 未登录状态，切换至首页，准备进入登录页面进行登录测试
[2019-10-14 20:35:57,133] - INFO: 点击首页-健康管理，弹窗提示登录
[2019-10-14 20:35:58,396] - INFO: 跳转至登录页面
[2019-10-14 20:35:59,815] - INFO: 点击[账号密码登录]按钮，进入账号密码登录页
[2019-10-14 20:36:06,550] - INFO: 输入手机号：18768124236
[2019-10-14 20:36:12,695] - INFO: 输入密码：111111
[2019-10-14 20:36:14,126] - INFO: 点击登录按钮
[2019-10-14 20:36:16,834] - INFO: 密码登录成功！
[2019-10-14 20:36:21,837] - INFO: 验证日常打卡-添加功能...
[2019-10-14 20:36:22,231] - INFO: 进入日常打卡页面
[2019-10-14 20:36:31,596] - INFO: 进入添加页面
[2019-10-14 20:36:43,324] - INFO: 日常事项输入：995，鼓励语输入：996
[2019-10-14 20:36:46,201] - INFO: 添加日常事项成功！
[2019-10-14 20:36:51,203] - INFO: 验证日常打卡-打卡功能...
[2019-10-14 20:36:51,612] - INFO: 点击吃饭
[2019-10-14 20:36:53,461] - INFO: 点击排泄
[2019-10-14 20:36:55,219] - INFO: 点击新增事项
[2019-10-14 20:36:56,417] - INFO: 日常打卡页面添加打卡后，返回首页
[2019-10-14 20:36:59,112] - INFO: 日常打卡成功！
[2019-10-14 20:37:04,117] - INFO: 验证日常打卡-删除日常事项功能...
[2019-10-14 20:37:04,515] - INFO: 进入日常打卡页面
[2019-10-14 20:37:05,786] - INFO: 开始删除995选项
[2019-10-14 20:37:11,906] - INFO: 日常打卡新增项删除成功！
[2019-10-14 20:37:12,239] - INFO: 由日常打卡页面返回至首页
[2019-10-14 20:37:18,244] - INFO: 验证提醒吧-新增提醒功能...
[2019-10-14 20:37:18,631] - INFO: 进入提醒吧页面
[2019-10-14 20:37:20,086] - INFO: 进入提醒吧-添加页面
[2019-10-14 20:37:32,347] - INFO: 内容输入：777，时间输入：888
[2019-10-14 20:37:33,250] - INFO: 设置提醒时间
[2019-10-14 20:37:39,838] - INFO: 新增提醒成功！
[2019-10-14 20:37:44,842] - INFO: 验证提醒完成功能...
[2019-10-14 20:37:46,873] - INFO: 点击完成按钮
[2019-10-14 20:37:53,878] - INFO: 验证删除提醒项功能...
[2019-10-14 20:37:56,543] - INFO: 向左滑动新增提醒项
[2019-10-14 20:37:57,990] - INFO: 点击删除
[2019-10-14 20:37:59,343] - INFO: 提醒吧-新增提醒项删除成功！
[2019-10-14 20:37:59,672] - INFO: 提醒吧页面返回至首页
[2019-10-14 20:38:05,676] - INFO: 验证健康管理新增功能...
[2019-10-14 20:38:06,122] - INFO: 进入健康管理页面
[2019-10-14 20:38:07,608] - INFO: 进入健康管理-添加页面
[2019-10-14 20:38:11,017] - INFO: 设置时间
[2019-10-14 20:38:33,764] - INFO: 医院输入：666，诊断结果输入：250，病情描述输入：500
[2019-10-14 20:38:37,780] - INFO: 新增健康管理成功！
[2019-10-14 20:38:42,784] - INFO: 验证修改健康管理项功能...
[2019-10-14 20:38:43,122] - INFO: 进入管理项（医院为：666）详情页
[2019-10-14 20:38:51,557] - INFO: 清除之前的病情描述，重新输入：555
[2019-10-14 20:38:55,557] - INFO: 修改健康管理项成功！
[2019-10-14 20:39:00,560] - INFO: 验证删除健康管理项功能...
[2019-10-14 20:39:00,916] - INFO: 进入管理项（医院为：666）详情页
[2019-10-14 20:39:03,603] - INFO: 点击确定删除
[2019-10-14 20:39:05,919] - INFO: 删除健康管理项成功！
[2019-10-14 20:39:06,236] - INFO: 由健康管理页面跳转至首页
[2019-10-14 20:39:12,239] - INFO: 验证切换宠物功能...
[2019-10-14 20:39:12,502] - INFO: 首页展示当前宠物为：香猪
[2019-10-14 20:39:13,920] - INFO: 进入我的宠物页面
[2019-10-14 20:39:15,422] - INFO: 点击宠物：球球，进行宠物切换
[2019-10-14 20:39:21,425] - INFO: 验证添加宠物功能...
[2019-10-14 20:39:21,767] - INFO: 进入我的宠物页面
[2019-10-14 20:39:24,567] - INFO: 选择喵星人，进入添加宠物页
[2019-10-14 20:39:34,707] - INFO: 填写昵称：996，性别选择：公
[2019-10-14 20:39:39,486] - INFO: 品种选择：
[2019-10-14 20:39:41,887] - INFO: 设置出生日期
[2019-10-14 20:39:46,727] - INFO: 设置到家日期
[2019-10-14 20:39:57,805] - INFO: 填写体重：2
[2019-10-14 20:40:00,973] - INFO: 疫苗情况：已打全疫苗
[2019-10-14 20:40:03,604] - INFO: 绝育情况：未绝育
[2019-10-14 20:40:07,355] - INFO: 宠物添加成功！
[2019-10-14 20:40:12,358] - INFO: 验证删除宠物功能...
[2019-10-14 20:40:12,684] - INFO: 进入宠物详情页
[2019-10-14 20:40:14,360] - INFO: 点击删除按钮
[2019-10-14 20:40:15,640] - INFO: 点击确认删除按钮
[2019-10-14 20:40:17,899] - ERROR: 宠物删除失败！
[2019-10-14 20:40:22,904] - INFO: 验证日历记录功能是否正常...
[2019-10-14 20:40:23,410] - INFO: 进入日历记录页面
[2019-10-14 20:40:27,261] - INFO: 进入日常打卡页面
[2019-10-14 20:40:28,675] - INFO: 点击喝水
[2019-10-14 20:40:30,204] - INFO: 返回至日历记录页
[2019-10-14 20:40:31,795] - INFO: 日历记录页返回至首页
[2019-10-14 20:40:37,800] - INFO: 验证积分签到功能是否正常...
[2019-10-14 20:40:38,706] - INFO: 进入我的页面
[2019-10-14 20:40:40,446] - INFO: 进入积分页面
[2019-10-14 20:40:41,872] - INFO: 签到前总积分为：380
[2019-10-14 20:40:42,208] - INFO: 点击第七天20积分区域，签到
[2019-10-14 20:40:44,496] - INFO: 签到前总积分为：385
[2019-10-14 20:40:44,501] - INFO: 签到成功！
[2019-10-14 20:40:50,870] - INFO: 验证意见反馈功能...
[2019-10-14 20:40:51,241] - INFO: 进入意见反馈页面
[2019-10-14 20:41:03,685] - ERROR: 意见反馈提交失败！
[2019-10-14 20:41:11,731] - INFO: 停止appium服务...
[2019-10-14 20:53:08,592] - INFO: 开始更新desired_caps.ymal中的APP及手机参数...
[2019-10-14 20:53:08,606] - INFO: ---desired_caps.ymal更新完成---
[2019-10-14 20:53:08,613] - INFO: ---检查com.pets.mhcw_1.3.0_7.apk应用是否已安装---
[2019-10-14 20:53:09,262] - INFO: ---应用已安装---
[2019-10-14 20:53:09,265] - INFO: 启动appium服务...
[2019-10-14 20:53:25,764] - INFO: 启动APP，确认是否有定位弹窗...
[2019-10-14 20:53:31,498] - INFO: 没有定位弹窗，判断是否有引导页...
[2019-10-14 20:53:31,505] - INFO: 无引导页...
[2019-10-14 20:53:31,803] - INFO: 不存在升级弹窗，进入首页...
[2019-10-14 20:53:38,807] - INFO: 验证未登录状态点击按钮是否弹窗提示去登录...
[2019-10-14 20:53:46,392] - INFO: 验证未登录状态能否查看学院文章...
[2019-10-14 20:53:47,008] - INFO: 切换至学院页
[2019-10-14 20:53:48,610] - INFO: 进入喵星人-养猫准备页面
[2019-10-14 20:53:50,064] - INFO: 进入养猫准备文章详情页面
[2019-10-14 20:53:51,790] - INFO: 点击文章详情页面-分享按钮，分享弹窗
[2019-10-14 20:53:53,393] - INFO: 点击分享弹窗-[取消]按钮，弹窗消失
[2019-10-14 20:53:55,099] - INFO: 点击文章详情页面-返回按钮，返回至文章列表页
[2019-10-14 20:53:56,453] - INFO: 点击文章列表页-返回按钮，返回至学院页面
[2019-10-14 20:54:02,459] - INFO: 验证能否查看《用户注册及隐私协议》...
[2019-10-14 20:54:02,903] - INFO: 未登录状态，切换至首页，准备进入登录页面进行登录测试
[2019-10-14 20:54:04,193] - INFO: 点击首页-健康管理，弹窗提示登录
[2019-10-14 20:54:06,675] - INFO: 点击[去登录]，跳转至登录页面成功！
[2019-10-14 20:54:06,982] - INFO: 点击登录页[注册]按钮，进入注册页面
[2019-10-14 20:54:08,262] - INFO: 点击注册页提示弹窗-[同意]按钮，弹窗消失
[2019-10-14 20:54:11,241] - INFO: 进入《用户注册及隐私协议》页面成功！
[2019-10-14 20:54:11,545] - INFO: 点击返回至注册页面！
[2019-10-14 20:54:17,551] - INFO: 验证已注册过的手机号进行注册...
[2019-10-14 20:54:24,472] - INFO: 输入已注册用户手机号，点击获取验证码
[2019-10-14 20:54:25,665] - INFO: 跳转至登录页面，点击返回至首页
[2019-10-14 20:54:32,030] - INFO: 账号密码登录功能验证...
[2019-10-14 20:54:32,422] - INFO: 未登录状态，切换至首页，准备进入登录页面进行登录测试
[2019-10-14 20:54:33,789] - INFO: 点击首页-健康管理，弹窗提示登录
[2019-10-14 20:54:35,086] - INFO: 跳转至登录页面
[2019-10-14 20:54:36,477] - INFO: 点击[账号密码登录]按钮，进入账号密码登录页
[2019-10-14 20:54:43,285] - INFO: 输入手机号：18768124236
