[2019-10-15 14:06:26,613] - INFO: 开始更新desired_caps.ymal中的APP及手机参数...
[2019-10-15 14:06:26,628] - INFO: ---desired_caps.ymal更新完成---
[2019-10-15 14:06:26,634] - INFO: ---检查com.pets.mhcw_1.3.0_7.apk应用是否已安装---
[2019-10-15 14:06:27,427] - INFO: ---应用已安装---
[2019-10-15 14:06:27,430] - INFO: 启动appium服务...
[2019-10-15 14:06:44,681] - INFO: 启动APP，确认是否有定位弹窗...
[2019-10-15 14:06:50,495] - INFO: 没有定位弹窗，判断是否有引导页...
[2019-10-15 14:06:50,502] - INFO: 无引导页...
[2019-10-15 14:06:50,813] - INFO: 不存在升级弹窗，进入首页...
[2019-10-15 14:06:57,816] - INFO: 验证未登录状态点击按钮是否弹窗提示去登录...
[2019-10-15 14:07:05,492] - INFO: 验证未登录状态能否查看学院文章...
[2019-10-15 14:07:05,924] - INFO: 切换至学院页
[2019-10-15 14:07:07,489] - INFO: 进入喵星人-养猫准备页面
[2019-10-15 14:07:08,920] - INFO: 进入养猫准备文章详情页面
[2019-10-15 14:07:10,610] - INFO: 点击文章详情页面-分享按钮，分享弹窗
[2019-10-15 14:07:12,173] - INFO: 点击分享弹窗-[取消]按钮，弹窗消失
[2019-10-15 14:07:13,920] - INFO: 点击文章详情页面-返回按钮，返回至文章列表页
[2019-10-15 14:07:15,239] - INFO: 点击文章列表页-返回按钮，返回至学院页面
[2019-10-15 14:07:21,243] - INFO: 验证能否查看《用户注册及隐私协议》...
[2019-10-15 14:07:21,730] - INFO: 未登录状态，切换至首页，准备进入登录页面进行登录测试
[2019-10-15 14:07:23,152] - INFO: 点击首页-健康管理，弹窗提示登录
[2019-10-15 14:07:25,670] - INFO: 点击[去登录]，跳转至登录页面成功！
[2019-10-15 14:07:26,025] - INFO: 点击登录页[注册]按钮，进入注册页面
[2019-10-15 14:07:28,163] - INFO: 验证已注册过的手机号进行注册...
[2019-10-15 14:07:29,183] - INFO: 账号密码登录功能验证...
[2019-10-15 14:07:30,200] - INFO: 验证日常打卡-添加功能...
[2019-10-15 14:07:31,213] - INFO: 验证日常打卡-打卡功能...
[2019-10-15 14:07:32,237] - INFO: 验证日常打卡-删除日常事项功能...
[2019-10-15 14:07:33,255] - INFO: 验证提醒吧-新增提醒功能...
[2019-10-15 14:07:34,269] - INFO: 验证提醒完成功能...
[2019-10-15 14:12:11,017] - INFO: 开始更新desired_caps.ymal中的APP及手机参数...
[2019-10-15 14:12:11,030] - INFO: ---desired_caps.ymal更新完成---
[2019-10-15 14:12:11,037] - INFO: ---检查com.pets.mhcw_1.3.0_7.apk应用是否已安装---
[2019-10-15 14:12:11,609] - INFO: ---应用已安装---
[2019-10-15 14:12:11,614] - INFO: 启动appium服务...
[2019-10-15 14:12:27,208] - INFO: 启动APP，确认是否有定位弹窗...
[2019-10-15 14:12:32,945] - INFO: 没有定位弹窗，判断是否有引导页...
[2019-10-15 14:12:32,952] - INFO: 无引导页...
[2019-10-15 14:12:33,192] - INFO: 不存在升级弹窗，进入首页...
[2019-10-15 14:12:40,196] - INFO: 验证未登录状态点击按钮是否弹窗提示去登录...
[2019-10-15 14:12:50,075] - INFO: 停止appium服务...
[2019-10-15 19:09:19,237] - INFO: 当前方法：check_permitBin, 启动APP，确认是否有定位弹窗...
[2019-10-15 19:09:22,034] - INFO: 没有定位弹窗，判断是否有引导页...
[2019-10-15 19:09:22,042] - INFO: 无引导页...
[2019-10-15 19:09:22,969] - INFO: 不存在升级弹窗，进入首页...
[2019-10-15 19:24:39,737] - INFO: 当前方法：check_permitBin, 启动APP，确认是否有定位弹窗，是否有引导页、新手指引、，...
[2019-10-15 19:24:42,630] - INFO: 没有定位弹窗，判断是否有引导页...
[2019-10-15 19:24:42,638] - INFO: 无引导页...
[2019-10-15 19:33:50,778] - INFO: 当前方法：check_permitBin, 启动APP，确认是否有定位弹窗，是否有引导页、新手指引、升级弹窗，有则跳过进入首页
[2019-10-15 19:33:50,813] - INFO: 定位弹窗-允许，启动页截图中...
[2019-10-15 19:33:55,622] - INFO: 进入引导页，截图、滑动
[2019-10-15 19:34:08,542] - INFO: 点击引导页[立即体验]按钮进入首页
[2019-10-15 19:34:12,224] - INFO: 不存在升级弹窗，进入首页
[2019-10-15 19:34:14,756] - INFO: 首页跳转至发现页，跳过新手指引
[2019-10-15 19:34:31,715] - INFO: 点击完成跳过新手指引
[2019-10-15 20:09:26,097] - INFO: 开始更新desired_caps.ymal中的APP及手机参数...
[2019-10-15 20:09:26,119] - INFO: ---desired_caps.ymal更新完成---
[2019-10-15 20:09:26,125] - INFO: ---检查com.pets.mhcw_1.3.0_7.apk应用是否已安装---
[2019-10-15 20:09:26,735] - INFO: ---应用已安装---
[2019-10-15 20:09:26,738] - INFO: 启动appium服务...
[2019-10-15 20:09:43,586] - INFO: ===当前方法：check_permitBin, 启动APP，确认是否有定位弹窗，是否有引导页、新手指引、升级弹窗，有则跳过进入首页===
[2019-10-15 20:09:43,647] - INFO: 定位弹窗-允许，启动页截图中...
[2019-10-15 20:09:47,466] - INFO: 进入引导页，截图、滑动
[2019-10-15 20:10:00,330] - INFO: 点击引导页[立即体验]按钮进入首页
[2019-10-15 20:10:03,382] - INFO: 不存在升级弹窗，进入首页
[2019-10-15 20:10:06,311] - INFO: 首页跳转至发现页，跳过新手指引
[2019-10-15 20:10:23,256] - INFO: 点击完成跳过新手指引
[2019-10-15 20:10:28,271] - INFO: ===当前方法：chose_pet_click，验证未登录状态点击按钮是否弹窗提示去登录===
[2019-10-15 20:10:28,641] - INFO: 首页跳转至发现页
[2019-10-15 20:10:37,598] - INFO: ===当前方法：switch_page，验证未登录状态能否查看学院文章===
[2019-10-15 20:10:37,989] - INFO: 切换至学院页
[2019-10-15 20:10:39,398] - INFO: 进入喵星人-养猫准备页面
[2019-10-15 20:10:40,751] - INFO: 进入养猫准备文章详情页面
[2019-10-15 20:10:42,524] - INFO: 点击文章详情页面-分享按钮，分享弹窗
[2019-10-15 20:10:43,816] - INFO: 点击分享弹窗-[取消]按钮，弹窗消失
[2019-10-15 20:10:45,531] - INFO: 点击文章详情页面-返回按钮，返回至文章列表页
[2019-10-15 20:10:46,822] - INFO: 点击文章列表页-返回按钮，返回至学院页面
[2019-10-15 20:10:52,827] - INFO: ===当前方法：get_in_protocol，验证能否查看《用户注册及隐私协议》===
[2019-10-15 20:10:53,235] - INFO: 未登录状态，切换至记录页，准备进入登录页面进行登录测试
[2019-10-15 20:10:55,514] - INFO: 点击记录页-健康管理，弹窗提示登录
[2019-10-15 20:10:57,973] - INFO: 点击[去登录]，跳转至登录页面成功！
[2019-10-15 20:10:58,576] - INFO: 点击登录页[注册]按钮，进入注册页面
[2019-10-15 20:10:59,841] - INFO: 点击注册页提示弹窗-[同意]按钮，弹窗消失
[2019-10-15 20:11:03,174] - INFO: 进入《用户注册及隐私协议》页面成功！
[2019-10-15 20:11:04,488] - INFO: 点击返回至注册页面！
[2019-10-15 20:11:10,493] - INFO: ===当前方法：old_user_register，验证已注册过的手机号进行注册===
[2019-10-15 20:11:22,530] - INFO: 输入已注册用户手机号，点击获取验证码
[2019-10-15 20:11:23,726] - INFO: 跳转至登录页面，点击返回至记录页
[2019-10-15 20:11:30,147] - INFO: ===当前方法：password_login，验证账号密码登录功能===
[2019-10-15 20:11:31,527] - INFO: 未登录状态，切换至记录页，准备进入登录页面进行登录测试
[2019-10-15 20:11:32,936] - INFO: 点击记录页-健康管理，弹窗提示登录
[2019-10-15 20:11:34,248] - INFO: 跳转至登录页面
[2019-10-15 20:11:35,570] - INFO: 点击[账号密码登录]按钮，进入账号密码登录页
[2019-10-15 20:11:43,744] - INFO: 输入手机号：18768124236
[2019-10-15 20:11:50,855] - INFO: 输入密码：111111
[2019-10-15 20:11:52,688] - INFO: 点击登录按钮
[2019-10-15 20:11:55,113] - INFO: 密码登录成功！
[2019-10-15 20:12:00,124] - INFO: ===当前方法：add_item，验证日常打卡-添加功能===
[2019-10-15 20:12:00,638] - INFO: 切换至记录页
[2019-10-15 20:12:02,404] - INFO: 进入日常打卡页面
[2019-10-15 20:12:07,620] - INFO: 进入添加页面
[2019-10-15 20:12:22,743] - INFO: 日常事项输入：995，鼓励语输入：996
[2019-10-15 20:12:25,310] - INFO: 添加日常事项成功！
[2019-10-15 20:12:30,318] - INFO: ===当前方法：daily_click，验证日常打卡-打卡功能===
[2019-10-15 20:12:30,604] - INFO: 点击吃饭
[2019-10-15 20:12:31,996] - INFO: 点击排泄
[2019-10-15 20:12:34,818] - INFO: 点击新增事项
[2019-10-15 20:12:36,133] - INFO: 日常打卡页面添加打卡后，返回记录页
[2019-10-15 20:12:38,360] - INFO: 日常打卡成功！
[2019-10-15 20:12:43,366] - INFO: ===当前方法：delete_item，验证日常打卡-删除日常事项功能===
[2019-10-15 20:12:44,001] - INFO: 进入日常打卡页面
[2019-10-15 20:12:45,241] - INFO: 开始删除995选项
[2019-10-15 20:12:52,067] - INFO: 日常打卡新增项删除成功！
[2019-10-15 20:12:53,434] - INFO: 由日常打卡页面返回至记录页
[2019-10-15 20:12:59,441] - INFO: ===当前方法：add_warning，验证提醒吧-新增提醒功能===
[2019-10-15 20:12:59,805] - INFO: 进入提醒吧页面
[2019-10-15 20:13:02,058] - INFO: 进入提醒吧-添加页面
[2019-10-15 20:13:18,416] - INFO: 内容输入：777，时间输入：888
[2019-10-15 20:13:20,229] - INFO: 设置提醒时间
[2019-10-15 20:13:26,938] - INFO: 新增提醒成功！
[2019-10-15 20:13:31,944] - INFO: ===当前方法：finished_warning，验证提醒完成功能===
[2019-10-15 20:13:33,843] - INFO: 点击完成按钮
[2019-10-15 20:13:40,850] - INFO: ===当前方法：delete_warning，验证删除提醒项功能===
[2019-10-15 20:13:43,698] - INFO: 向左滑动新增提醒项
[2019-10-15 20:13:45,031] - INFO: 点击删除
[2019-10-15 20:13:46,203] - INFO: 提醒吧-新增提醒项删除成功！
[2019-10-15 20:13:47,516] - INFO: 提醒吧页面返回至记录页
[2019-10-15 20:13:53,524] - INFO: ===当前方法：add_health_item，验证健康管理新增功能===
[2019-10-15 20:13:53,821] - INFO: 进入健康管理页面
[2019-10-15 20:13:56,633] - INFO: 进入健康管理-添加页面
[2019-10-15 20:14:00,710] - INFO: 设置时间
[2019-10-15 20:14:29,466] - INFO: 医院输入：666，诊断结果输入：250，病情描述输入：500
[2019-10-15 20:14:33,356] - INFO: 新增健康管理成功！
[2019-10-15 20:14:38,363] - INFO: ===当前方法：change_health_item，验证修改健康管理项功能===
[2019-10-15 20:14:38,968] - INFO: 进入管理项（医院为：666）详情页
[2019-10-15 20:14:50,244] - INFO: 清除之前的病情描述，重新输入：555
[2019-10-15 20:14:54,442] - INFO: 修改健康管理项成功！
[2019-10-15 20:14:59,451] - INFO: ===当前方法：delete_health_item，验证删除健康管理项功能===
[2019-10-15 20:15:00,375] - INFO: 进入管理项（医院为：666）详情页
[2019-10-15 20:15:03,437] - INFO: 点击确定删除
[2019-10-15 20:15:05,611] - INFO: 删除健康管理项成功！
[2019-10-15 20:15:06,864] - INFO: 由健康管理页面跳转至记录页
[2019-10-15 20:15:12,870] - INFO: ===当前方法：change_pet，验证切换宠物功能===
[2019-10-15 20:15:14,283] - INFO: 页展示当前宠物为：香猪
[2019-10-15 20:15:15,621] - INFO: 进入我的宠物页面
[2019-10-15 20:15:17,308] - INFO: 点击宠物：球球，进行宠物切换
[2019-10-15 20:15:23,314] - INFO: ===当前方法：add_pet，验证添加宠物功能===
[2019-10-15 20:15:23,614] - INFO: 进入我的宠物页面
[2019-10-15 20:15:26,575] - INFO: 选择喵星人，进入添加宠物页
[2019-10-15 20:15:39,675] - INFO: 填写昵称：996，性别选择：公
[2019-10-15 20:15:44,995] - INFO: 品种选择：
[2019-10-15 20:15:48,353] - INFO: 设置出生日期
[2019-10-15 20:15:53,088] - INFO: 设置到家日期
[2019-10-15 20:16:17,740] - INFO: 填写体重：2
[2019-10-15 20:16:18,202] - INFO: ===当前方法：delete_pet，验证删除宠物功能===
[2019-10-15 20:16:18,500] - INFO: ===当前方法：calendar_daily_clock，验证日历记录功能是否正常===
[2019-10-15 20:16:18,810] - INFO: ===当前方法：integral_sign_in，验证积分签到功能是否正常===
[2019-10-15 20:16:19,137] - INFO: ===当前方法：feedback，验证意见反馈功能===
[2019-10-15 20:16:21,694] - INFO: 停止appium服务...
