[2019-10-11 15:19:08,499] - BaseLog.py] - INFO: 验证提醒吧-新增提醒功能...
[2019-10-11 15:19:09,914] - BaseLog.py] - INFO: 进入提醒吧页面
[2019-10-11 15:19:44,319] - BaseLog.py] - INFO: 验证提醒吧-新增提醒功能...
[2019-10-11 15:19:46,648] - BaseLog.py] - INFO: 进入提醒吧页面
[2019-10-11 15:21:15,952] - BaseLog.py] - INFO: 验证提醒吧-新增提醒功能...
[2019-10-11 15:21:18,525] - BaseLog.py] - INFO: 进入提醒吧页面
[2019-10-11 15:23:22,689] - BaseLog.py] - INFO: 验证提醒吧-新增提醒功能...
[2019-10-11 15:23:25,575] - BaseLog.py] - INFO: 进入提醒吧页面
[2019-10-11 15:23:54,617] - BaseLog.py] - INFO: 验证提醒吧-新增提醒功能...
[2019-10-11 15:23:58,005] - BaseLog.py] - INFO: 进入提醒吧页面
[2019-10-11 15:24:24,427] - BaseLog.py] - INFO: 验证提醒吧-新增提醒功能...
[2019-10-11 15:24:24,829] - BaseLog.py] - INFO: 进入提醒吧页面
[2019-10-11 15:24:57,499] - BaseLog.py] - INFO: 验证提醒吧-新增提醒功能...
[2019-10-11 15:24:57,895] - BaseLog.py] - INFO: 进入提醒吧页面
[2019-10-11 15:24:59,385] - BaseLog.py] - INFO: 进入提醒吧-添加页面
[2019-10-11 15:25:12,900] - BaseLog.py] - INFO: 内容输入：777，时间输入：888
[2019-10-11 15:25:13,702] - BaseLog.py] - INFO: 设置提醒时间
[2019-10-11 15:25:19,657] - BaseLog.py] - INFO: 新增提醒成功！
[2019-10-11 15:28:09,458] - BaseLog.py] - INFO: 验证提醒吧-新增提醒功能...
[2019-10-11 15:28:09,868] - BaseLog.py] - INFO: 进入提醒吧页面
[2019-10-11 15:28:11,400] - BaseLog.py] - INFO: 进入提醒吧-添加页面
[2019-10-11 15:29:19,766] - BaseLog.py] - INFO: 验证提醒吧-新增提醒功能...
[2019-10-11 15:29:20,171] - BaseLog.py] - INFO: 进入提醒吧页面
[2019-10-11 15:29:21,523] - BaseLog.py] - INFO: 进入提醒吧-添加页面
[2019-10-11 15:29:34,531] - BaseLog.py] - INFO: 内容输入：777，时间输入：888
[2019-10-11 15:29:35,351] - BaseLog.py] - INFO: 设置提醒时间
[2019-10-11 15:29:41,466] - BaseLog.py] - INFO: 新增提醒成功！
[2019-10-11 15:39:14,650] - BaseLog.py] - INFO: 验证提醒吧-新增提醒功能...
[2019-10-11 15:39:15,617] - BaseLog.py] - INFO: 进入提醒吧页面
[2019-10-11 15:39:17,048] - BaseLog.py] - INFO: 进入提醒吧-添加页面
[2019-10-11 15:39:30,156] - BaseLog.py] - INFO: 内容输入：777，时间输入：888
[2019-10-11 15:39:31,000] - BaseLog.py] - INFO: 设置提醒时间
[2019-10-11 15:39:37,207] - BaseLog.py] - INFO: 新增提醒成功！
[2019-10-11 15:39:38,210] - BaseLog.py] - INFO: 验证提醒完成功能...
[2019-10-11 15:39:42,428] - BaseLog.py] - INFO: 验证删除提醒项功能...
[2019-10-11 15:39:45,299] - BaseLog.py] - INFO: 向左滑动新增提醒项
[2019-10-11 15:51:00,646] - BaseLog.py] - INFO: 验证提醒吧-新增提醒功能...
[2019-10-11 15:51:01,022] - BaseLog.py] - INFO: 进入提醒吧页面
[2019-10-11 15:51:02,422] - BaseLog.py] - INFO: 进入提醒吧-添加页面
[2019-10-11 15:51:15,814] - BaseLog.py] - INFO: 内容输入：777，时间输入：888
[2019-10-11 15:51:16,587] - BaseLog.py] - INFO: 设置提醒时间
[2019-10-11 15:51:22,724] - BaseLog.py] - INFO: 新增提醒成功！
[2019-10-11 15:51:23,727] - BaseLog.py] - INFO: 验证提醒完成功能...
[2019-10-11 15:51:26,036] - BaseLog.py] - INFO: 点击完成按钮
[2019-10-11 15:51:28,040] - BaseLog.py] - INFO: 验证删除提醒项功能...
[2019-10-11 15:51:30,887] - BaseLog.py] - INFO: 向左滑动新增提醒项
[2019-10-11 17:09:34,398] - BaseLog.py] - INFO: 验证提醒吧-新增提醒功能...
[2019-10-11 17:09:34,855] - BaseLog.py] - INFO: 进入提醒吧页面
[2019-10-11 17:09:36,274] - BaseLog.py] - INFO: 进入提醒吧-添加页面
[2019-10-11 17:09:49,399] - BaseLog.py] - INFO: 内容输入：777，时间输入：888
[2019-10-11 17:09:50,177] - BaseLog.py] - INFO: 设置提醒时间
[2019-10-11 17:09:56,192] - BaseLog.py] - INFO: 新增提醒成功！
[2019-10-11 17:09:57,197] - BaseLog.py] - INFO: 验证提醒完成功能...
[2019-10-11 17:09:59,600] - BaseLog.py] - INFO: 点击完成按钮
[2019-10-11 17:10:02,604] - BaseLog.py] - INFO: 验证删除提醒项功能...
[2019-10-11 17:11:33,347] - BaseLog.py] - INFO: 验证提醒吧-新增提醒功能...
[2019-10-11 17:11:33,786] - BaseLog.py] - INFO: 进入提醒吧页面
[2019-10-11 17:11:35,161] - BaseLog.py] - INFO: 进入提醒吧-添加页面
[2019-10-11 17:11:48,630] - BaseLog.py] - INFO: 内容输入：777，时间输入：888
[2019-10-11 17:11:49,472] - BaseLog.py] - INFO: 设置提醒时间
[2019-10-11 17:11:55,561] - BaseLog.py] - INFO: 新增提醒成功！
[2019-10-11 17:11:56,564] - BaseLog.py] - INFO: 验证提醒完成功能...
[2019-10-11 17:11:58,811] - BaseLog.py] - INFO: 点击完成按钮
[2019-10-11 17:12:01,814] - BaseLog.py] - INFO: 验证删除提醒项功能...
[2019-10-11 17:12:04,403] - BaseLog.py] - INFO: 向左滑动新增提醒项
[2019-10-11 17:13:17,587] - BaseLog.py] - INFO: 验证提醒吧-新增提醒功能...
[2019-10-11 17:13:17,977] - BaseLog.py] - INFO: 进入提醒吧页面
[2019-10-11 17:13:19,401] - BaseLog.py] - INFO: 进入提醒吧-添加页面
[2019-10-11 17:13:32,571] - BaseLog.py] - INFO: 内容输入：777，时间输入：888
[2019-10-11 17:13:33,358] - BaseLog.py] - INFO: 设置提醒时间
[2019-10-11 17:13:39,727] - BaseLog.py] - INFO: 新增提醒成功！
[2019-10-11 17:13:40,729] - BaseLog.py] - INFO: 验证提醒完成功能...
[2019-10-11 17:13:42,768] - BaseLog.py] - INFO: 点击完成按钮
[2019-10-11 17:13:45,773] - BaseLog.py] - INFO: 验证删除提醒项功能...
[2019-10-11 17:13:48,298] - BaseLog.py] - INFO: 向左滑动新增提醒项
[2019-10-11 17:20:28,103] - BaseLog.py] - INFO: 验证提醒吧-新增提醒功能...
[2019-10-11 17:20:28,531] - BaseLog.py] - INFO: 进入提醒吧页面
[2019-10-11 17:20:29,902] - BaseLog.py] - INFO: 进入提醒吧-添加页面
[2019-10-11 17:20:42,649] - BaseLog.py] - INFO: 内容输入：777，时间输入：888
[2019-10-11 17:20:43,464] - BaseLog.py] - INFO: 设置提醒时间
[2019-10-11 17:20:49,436] - BaseLog.py] - INFO: 新增提醒成功！
[2019-10-11 17:20:50,440] - BaseLog.py] - INFO: 验证提醒完成功能...
[2019-10-11 17:20:52,814] - BaseLog.py] - INFO: 点击完成按钮
[2019-10-11 17:20:55,820] - BaseLog.py] - INFO: 验证删除提醒项功能...
[2019-10-11 17:20:58,403] - BaseLog.py] - INFO: 向左滑动新增提醒项
[2019-10-11 17:21:01,820] - BaseLog.py] - INFO: 点击删除
[2019-10-11 17:21:02,958] - BaseLog.py] - ERROR: 提醒吧-新增提醒项删除失败！
