[2019-10-16 11:50:00,997] - INFO: 开始更新desired_caps.ymal中的APP及手机参数...
[2019-10-16 11:50:01,011] - INFO: ---desired_caps.ymal更新完成---
[2019-10-16 11:50:01,016] - INFO: ---检查app-mhcw-release.apk应用是否已安装---
[2019-10-16 11:50:01,580] - INFO: ---应用未安装，开始安装---
[2019-10-16 11:50:02,217] - INFO: ---开启线程监控APP安装确认弹窗---
[2019-10-16 11:50:02,219] - INFO: 正在安装apk文件，请稍后...
[2019-10-16 11:50:22,928] - INFO: ---app-mhcw-release.apk应用安装成功---
[2019-10-16 11:50:31,364] - INFO: 启动appium服务...
[2019-10-16 11:50:46,553] - INFO: ===当前方法：check_permitBin, 启动APP，确认是否有定位弹窗，是否有引导页、新手指引、升级弹窗，有则跳过进入首页===
[2019-10-16 11:50:46,596] - INFO: 定位弹窗-允许，启动页截图中...
[2019-10-16 11:50:51,444] - INFO: 进入引导页，截图、滑动
[2019-10-16 11:51:08,594] - INFO: 点击引导页[立即体验]按钮进入首页
[2019-10-16 11:51:11,923] - INFO: 不存在升级弹窗，进入首页
[2019-10-16 11:51:14,499] - INFO: 首页跳转至发现页，跳过新手指引
[2019-10-16 11:51:40,265] - INFO: 点击完成跳过新手指引
[2019-10-16 11:51:45,271] - INFO: ===当前方法：chose_pet_click，验证未登录状态点击按钮是否弹窗提示去登录===
[2019-10-16 11:51:46,667] - INFO: 首页跳转至发现页
[2019-10-16 11:51:55,441] - INFO: ===当前方法：switch_page，验证未登录状态能否查看学院文章===
[2019-10-16 11:51:56,046] - INFO: 切换至学院页
[2019-10-16 11:51:58,878] - INFO: 进入喵星人-养猫准备页面
[2019-10-16 11:52:02,418] - INFO: 进入养猫准备文章详情页面
[2019-10-16 11:52:04,763] - INFO: 点击文章详情页面-分享按钮，分享弹窗
[2019-10-16 11:52:06,179] - INFO: 点击分享弹窗-[取消]按钮，弹窗消失
[2019-10-16 11:52:08,162] - INFO: 点击文章详情页面-返回按钮，返回至文章列表页
[2019-10-16 11:52:10,780] - INFO: 点击文章列表页-返回按钮，返回至学院页面
[2019-10-16 11:52:16,794] - INFO: ===当前方法：get_in_protocol，验证能否查看《用户注册及隐私协议》===
[2019-10-16 11:52:17,310] - INFO: 未登录状态，切换至记录页，准备进入登录页面进行登录测试
[2019-10-16 11:52:19,783] - INFO: 点击记录页-健康管理，弹窗提示登录
[2019-10-16 11:52:22,197] - INFO: 点击[去登录]，跳转至登录页面成功！
[2019-10-16 11:52:22,931] - INFO: 点击登录页[注册]按钮，进入注册页面
[2019-10-16 11:52:24,186] - INFO: 点击注册页提示弹窗-[同意]按钮，弹窗消失
[2019-10-16 11:52:27,499] - INFO: 进入《用户注册及隐私协议》页面成功！
[2019-10-16 11:52:28,988] - INFO: 点击返回至注册页面！
[2019-10-16 11:52:34,998] - INFO: ===当前方法：old_user_register，验证已注册过的手机号进行注册===
[2019-10-16 11:52:44,056] - INFO: 输入已注册用户手机号，点击获取验证码
[2019-10-16 11:52:45,250] - INFO: 跳转至登录页面，点击返回至记录页
[2019-10-16 11:52:51,607] - INFO: ===当前方法：password_login，验证账号密码登录功能===
[2019-10-16 11:52:52,964] - INFO: 未登录状态，切换至记录页，准备进入登录页面进行登录测试
[2019-10-16 11:52:54,320] - INFO: 点击记录页-健康管理，弹窗提示登录
[2019-10-16 11:52:55,598] - INFO: 跳转至登录页面
[2019-10-16 11:52:57,004] - INFO: 点击[账号密码登录]按钮，进入账号密码登录页
[2019-10-16 11:53:04,909] - INFO: 输入手机号：18768124236
[2019-10-16 11:53:12,147] - INFO: 输入密码：111111
[2019-10-16 11:53:14,157] - INFO: 点击登录按钮
[2019-10-16 11:53:16,791] - INFO: 密码登录成功！
[2019-10-16 11:53:21,797] - INFO: ===当前方法：add_item，验证日常打卡-添加功能===
[2019-10-16 11:53:23,232] - INFO: 切换至记录页
[2019-10-16 11:53:25,198] - INFO: 进入日常打卡页面
[2019-10-16 11:53:29,118] - INFO: 进入添加页面
[2019-10-16 11:53:42,586] - INFO: 日常事项输入：995，鼓励语输入：996
[2019-10-16 11:53:45,448] - INFO: 添加日常事项成功！
[2019-10-16 11:53:50,453] - INFO: ===当前方法：daily_click，验证日常打卡-打卡功能===
[2019-10-16 11:53:50,802] - INFO: 点击吃饭
[2019-10-16 11:53:52,622] - INFO: 点击排泄
[2019-10-16 11:53:54,440] - INFO: 点击新增事项
[2019-10-16 11:53:56,160] - INFO: 日常打卡页面添加打卡后，返回记录页
[2019-10-16 11:53:58,541] - INFO: 日常打卡成功！
[2019-10-16 11:54:03,550] - INFO: ===当前方法：delete_item，验证日常打卡-删除日常事项功能===
[2019-10-16 11:54:03,897] - INFO: 进入日常打卡页面
[2019-10-16 11:54:05,198] - INFO: 开始删除995选项
[2019-10-16 11:54:11,838] - INFO: 日常打卡新增项删除成功！
[2019-10-16 11:54:12,332] - INFO: 由日常打卡页面返回至记录页
[2019-10-16 11:54:18,353] - INFO: ===当前方法：add_warning，验证提醒吧-新增提醒功能===
[2019-10-16 11:54:18,810] - INFO: 进入提醒吧页面
[2019-10-16 11:54:20,277] - INFO: 进入提醒吧-添加提醒列表页
[2019-10-16 11:54:23,337] - INFO: ===当前方法：finished_warning，验证提醒完成功能===
[2019-10-16 11:54:23,586] - INFO: ===当前方法：delete_warning，验证删除提醒项功能===
[2019-10-16 11:54:25,945] - INFO: ===当前方法：add_health_item，验证健康管理新增功能===
[2019-10-16 11:54:26,163] - INFO: ===当前方法：change_health_item，验证修改健康管理项功能===
[2019-10-16 11:54:26,394] - INFO: ===当前方法：delete_health_item，验证删除健康管理项功能===
[2019-10-16 11:54:26,623] - INFO: ===当前方法：change_pet，验证切换宠物功能===
[2019-10-16 11:54:26,905] - INFO: ===当前方法：add_pet，验证添加宠物功能===
[2019-10-16 11:54:27,200] - INFO: ===当前方法：delete_pet，验证删除宠物功能===
[2019-10-16 11:54:27,451] - INFO: ===当前方法：calendar_daily_clock，验证日历记录功能是否正常===
[2019-10-16 11:54:27,664] - INFO: ===当前方法：integral_sign_in，验证积分签到功能是否正常===
[2019-10-16 11:54:27,919] - INFO: ===当前方法：feedback，验证意见反馈功能===
[2019-10-16 11:54:31,378] - INFO: 停止appium服务...
[2019-10-16 13:18:59,523] - INFO: ===当前方法：add_warning，验证提醒吧-新增提醒功能===
[2019-10-16 13:19:00,402] - INFO: 首页跳转至发现页
[2019-10-16 13:19:02,713] - INFO: 进入提醒吧页面
[2019-10-16 13:19:04,664] - INFO: 进入提醒吧-点击添加按钮判断是否有添加提醒页
[2019-10-16 13:19:05,874] - INFO: 无添加提醒页面
[2019-10-16 13:19:21,156] - INFO: 内容输入：777，时间输入：888
[2019-10-16 13:19:21,926] - INFO: 设置提醒时间
[2019-10-16 13:19:30,082] - INFO: 新增提醒成功！
[2019-10-16 13:20:30,463] - INFO: ===当前方法：add_warning，验证提醒吧-新增提醒功能===
[2019-10-16 13:20:31,065] - INFO: 首页跳转至发现页
[2019-10-16 13:20:32,496] - INFO: 进入提醒吧页面
[2019-10-16 13:20:33,833] - INFO: 进入提醒吧-点击添加按钮判断是否有添加提醒页
[2019-10-16 13:20:37,286] - INFO: 有添加提醒页，点击自定义进入新增提醒页
[2019-10-16 13:20:57,892] - INFO: 内容输入：777，时间输入：888
[2019-10-16 13:20:58,602] - INFO: 设置提醒时间
[2019-10-16 13:21:06,849] - INFO: 新增提醒成功！
[2019-10-16 13:24:18,265] - INFO: 开始更新desired_caps.ymal中的APP及手机参数...
[2019-10-16 13:24:18,280] - INFO: ---desired_caps.ymal更新完成---
[2019-10-16 13:24:18,285] - INFO: ---检查app-mhcw-release.apk应用是否已安装---
[2019-10-16 13:24:18,910] - INFO: ---应用未安装，开始安装---
[2019-10-16 13:24:19,453] - INFO: 正在安装apk文件，请稍后...
窗---
[2019-10-16 13:24:40,177] - INFO: ---app-mhcw-release.apk应用安装成功---
[2019-10-16 13:24:49,025] - INFO: 启动appium服务...
[2019-10-16 13:25:04,396] - INFO: ===当前方法：check_permitBin, 启动APP，确认是否有定位弹窗，是否有引导页、新手指引、升级弹窗，有则跳过进入首页===
[2019-10-16 13:25:04,445] - INFO: 定位弹窗-允许，启动页截图中...
[2019-10-16 13:25:09,595] - INFO: 进入引导页，截图、滑动
[2019-10-16 13:25:26,550] - INFO: 点击引导页[立即体验]按钮进入首页
[2019-10-16 13:25:29,942] - INFO: 不存在升级弹窗，进入首页
[2019-10-16 13:25:32,647] - INFO: 首页跳转至发现页，跳过新手指引
[2019-10-16 13:25:54,681] - INFO: 点击完成跳过新手指引
[2019-10-16 13:25:59,701] - INFO: ===当前方法：chose_pet_click，验证未登录状态点击按钮是否弹窗提示去登录===
[2019-10-16 13:26:00,892] - INFO: 首页跳转至发现页
[2019-10-16 13:26:10,095] - INFO: ===当前方法：switch_page，验证未登录状态能否查看学院文章===
[2019-10-16 13:26:10,752] - INFO: 切换至学院页
[2019-10-16 13:26:12,151] - INFO: 进入喵星人-养猫准备页面
[2019-10-16 13:26:13,612] - INFO: 进入养猫准备文章详情页面
[2019-10-16 13:26:15,347] - INFO: 点击文章详情页面-分享按钮，分享弹窗
[2019-10-16 13:26:16,782] - INFO: 点击分享弹窗-[取消]按钮，弹窗消失
[2019-10-16 13:26:18,746] - INFO: 点击文章详情页面-返回按钮，返回至文章列表页
[2019-10-16 13:26:20,106] - INFO: 点击文章列表页-返回按钮，返回至学院页面
[2019-10-16 13:26:26,146] - INFO: ===当前方法：get_in_protocol，验证能否查看《用户注册及隐私协议》===
[2019-10-16 13:26:28,133] - INFO: 未登录状态，切换至记录页，准备进入登录页面进行登录测试
[2019-10-16 13:26:31,029] - INFO: 点击记录页-健康管理，弹窗提示登录
[2019-10-16 13:26:33,476] - INFO: 点击[去登录]，跳转至登录页面成功！
[2019-10-16 13:26:34,134] - INFO: 点击登录页[注册]按钮，进入注册页面
[2019-10-16 13:26:35,453] - INFO: 点击注册页提示弹窗-[同意]按钮，弹窗消失
[2019-10-16 13:26:38,956] - INFO: 进入《用户注册及隐私协议》页面成功！
[2019-10-16 13:26:40,168] - INFO: 点击返回至注册页面！
[2019-10-16 13:26:46,188] - INFO: ===当前方法：old_user_register，验证已注册过的手机号进行注册===
[2019-10-16 13:26:55,369] - INFO: 输入已注册用户手机号，点击获取验证码
[2019-10-16 13:26:56,521] - INFO: 跳转至登录页面，点击返回至记录页
[2019-10-16 13:27:04,815] - INFO: ===当前方法：password_login，验证账号密码登录功能===
[2019-10-16 13:27:05,261] - INFO: 未登录状态，切换至记录页，准备进入登录页面进行登录测试
[2019-10-16 13:27:07,206] - INFO: 点击记录页-健康管理，弹窗提示登录
[2019-10-16 13:27:08,462] - INFO: 跳转至登录页面
[2019-10-16 13:27:10,393] - INFO: 点击[账号密码登录]按钮，进入账号密码登录页
[2019-10-16 13:27:17,758] - INFO: 输入手机号：18768124236
[2019-10-16 13:27:24,856] - INFO: 输入密码：111111
[2019-10-16 13:27:26,269] - INFO: 点击登录按钮
[2019-10-16 13:27:29,003] - INFO: 密码登录成功！
[2019-10-16 13:27:34,022] - INFO: ===当前方法：add_item，验证日常打卡-添加功能===
[2019-10-16 13:27:34,639] - INFO: 切换至记录页
[2019-10-16 13:27:37,248] - INFO: 进入日常打卡页面
[2019-10-16 13:27:41,287] - INFO: 进入添加页面
[2019-10-16 13:27:55,021] - INFO: 日常事项输入：995，鼓励语输入：996
[2019-10-16 13:27:57,651] - INFO: 添加日常事项成功！
[2019-10-16 13:28:02,672] - INFO: ===当前方法：daily_click，验证日常打卡-打卡功能===
[2019-10-16 13:28:03,001] - INFO: 点击吃饭
[2019-10-16 13:28:04,791] - INFO: 点击排泄
[2019-10-16 13:28:06,553] - INFO: 点击新增事项
[2019-10-16 13:28:08,422] - INFO: 日常打卡页面添加打卡后，返回记录页
[2019-10-16 13:28:10,747] - INFO: 日常打卡成功！
[2019-10-16 13:28:15,765] - INFO: ===当前方法：delete_item，验证日常打卡-删除日常事项功能===
[2019-10-16 13:28:16,608] - INFO: 进入日常打卡页面
[2019-10-16 13:28:17,843] - INFO: 开始删除995选项
[2019-10-16 13:28:23,613] - INFO: 日常打卡新增项删除成功！
[2019-10-16 13:28:24,298] - INFO: 由日常打卡页面返回至记录页
[2019-10-16 13:28:30,311] - INFO: ===当前方法：add_warning，验证提醒吧-新增提醒功能===
[2019-10-16 13:28:31,853] - INFO: 首页跳转至发现页
[2019-10-16 13:28:33,242] - INFO: 进入提醒吧页面
[2019-10-16 13:28:34,694] - INFO: 进入提醒吧-点击添加按钮判断是否有添加提醒页
[2019-10-16 13:28:35,950] - INFO: 无添加提醒页面
[2019-10-16 13:28:51,079] - INFO: 内容输入：777，时间输入：888
[2019-10-16 13:28:53,060] - INFO: 设置提醒时间
[2019-10-16 13:29:01,232] - INFO: 新增提醒成功！
[2019-10-16 13:29:06,248] - INFO: ===当前方法：finished_warning，验证提醒完成功能===
[2019-10-16 13:29:08,258] - INFO: 点击完成按钮
[2019-10-16 13:29:15,271] - INFO: ===当前方法：delete_warning，验证删除提醒项功能===
[2019-10-16 13:29:19,301] - INFO: 向左滑动新增提醒项
[2019-10-16 13:29:20,727] - INFO: 点击删除
[2019-10-16 13:29:21,861] - INFO: 提醒吧-新增提醒项删除成功！
[2019-10-16 13:29:23,110] - INFO: 提醒吧页面返回至记录页
[2019-10-16 13:29:29,127] - INFO: ===当前方法：add_health_item，验证健康管理新增功能===
[2019-10-16 13:29:29,557] - INFO: 进入健康管理页面
[2019-10-16 13:29:31,578] - INFO: 进入健康管理-添加页面
[2019-10-16 13:29:35,628] - INFO: 设置时间
[2019-10-16 13:30:06,090] - INFO: 医院输入：666，诊断结果输入：250，病情描述输入：500
[2019-10-16 13:30:12,117] - INFO: 新增健康管理成功！
[2019-10-16 13:30:17,127] - INFO: ===当前方法：change_health_item，验证修改健康管理项功能===
[2019-10-16 13:30:17,922] - INFO: 进入管理项（医院为：666）详情页
[2019-10-16 13:30:26,972] - INFO: 清除之前的病情描述，重新输入：555
[2019-10-16 13:30:30,404] - INFO: 修改健康管理项成功！
[2019-10-16 13:30:35,419] - INFO: ===当前方法：delete_health_item，验证删除健康管理项功能===
[2019-10-16 13:30:35,996] - INFO: 进入管理项（医院为：666）详情页
[2019-10-16 13:30:39,101] - INFO: 点击确定删除
[2019-10-16 13:30:41,251] - INFO: 删除健康管理项成功！
[2019-10-16 13:30:42,539] - INFO: 由健康管理页面跳转至记录页
[2019-10-16 13:30:48,564] - INFO: ===当前方法：change_pet，验证切换宠物功能===
[2019-10-16 13:30:48,813] - INFO: 页展示当前宠物为：香猪
[2019-10-16 13:30:50,194] - INFO: 进入我的宠物页面
[2019-10-16 13:30:51,876] - INFO: 点击宠物：球球，进行宠物切换
[2019-10-16 13:30:57,892] - INFO: ===当前方法：add_pet，验证添加宠物功能===
[2019-10-16 13:30:58,946] - INFO: 进入我的宠物页面
[2019-10-16 13:31:01,994] - INFO: 选择喵星人，进入添加宠物页
[2019-10-16 13:31:13,641] - INFO: 填写昵称：996，性别选择：公
[2019-10-16 13:31:19,332] - INFO: 品种选择：
[2019-10-16 13:31:21,781] - INFO: 设置出生日期
[2019-10-16 13:31:27,792] - INFO: 设置到家日期
[2019-10-16 13:31:42,182] - INFO: 填写体重：2
[2019-10-16 13:31:46,502] - INFO: 疫苗情况：已打全疫苗
[2019-10-16 13:31:49,284] - INFO: 绝育情况：未绝育
[2019-10-16 13:31:53,310] - INFO: 宠物添加成功！
[2019-10-16 13:31:58,316] - INFO: ===当前方法：delete_pet，验证删除宠物功能===
[2019-10-16 13:31:59,044] - INFO: 进入宠物详情页
[2019-10-16 13:32:00,601] - INFO: 点击删除按钮
[2019-10-16 13:32:01,863] - INFO: 点击确认删除按钮
[2019-10-16 13:32:04,403] - ERROR: 宠物删除失败！
[2019-10-16 13:32:09,437] - INFO: ===当前方法：calendar_daily_clock，验证日历记录功能是否正常===
[2019-10-16 13:32:09,846] - INFO: ===当前方法：integral_sign_in，验证积分签到功能是否正常===
[2019-10-16 13:32:11,454] - INFO: 进入我的页面
[2019-10-16 13:32:13,459] - INFO: 进入积分页面
[2019-10-16 13:32:14,802] - INFO: ===当前方法：feedback，验证意见反馈功能===
[2019-10-16 13:32:15,198] - INFO: 进入意见反馈页面
[2019-10-16 13:32:30,444] - ERROR: 意见反馈提交失败！
[2019-10-16 13:32:38,634] - INFO: 停止appium服务...
